INFO - 2024-10-01 07:28:15 --> Session: Class initialized using 'CodeIgniter\Session\Handlers\FileHandler' driver.
INFO - 2024-10-01 07:28:34 --> Session: Class initialized using 'CodeIgniter\Session\Handlers\FileHandler' driver.
INFO - 2024-10-01 07:36:17 --> Session: Class initialized using 'CodeIgniter\Session\Handlers\FileHandler' driver.
INFO - 2024-10-01 07:36:22 --> Session: Class initialized using 'CodeIgniter\Session\Handlers\FileHandler' driver.
INFO - 2024-10-01 07:36:28 --> Session: Class initialized using 'CodeIgniter\Session\Handlers\FileHandler' driver.
INFO - 2024-10-01 07:36:32 --> Session: Class initialized using 'CodeIgniter\Session\Handlers\FileHandler' driver.
INFO - 2024-10-01 07:36:45 --> Session: Class initialized using 'CodeIgniter\Session\Handlers\FileHandler' driver.
INFO - 2024-10-01 07:36:49 --> Session: Class initialized using 'CodeIgniter\Session\Handlers\FileHandler' driver.
INFO - 2024-10-01 07:37:06 --> Session: Class initialized using 'CodeIgniter\Session\Handlers\FileHandler' driver.
INFO - 2024-10-01 07:37:06 --> Session: Class initialized using 'CodeIgniter\Session\Handlers\FileHandler' driver.
INFO - 2024-10-01 14:15:40 --> Session: Class initialized using 'CodeIgniter\Session\Handlers\FileHandler' driver.
INFO - 2024-10-01 14:22:07 --> Session: Class initialized using 'CodeIgniter\Session\Handlers\FileHandler' driver.
INFO - 2024-10-01 14:22:13 --> Session: Class initialized using 'CodeIgniter\Session\Handlers\FileHandler' driver.
ERROR - 2024-10-01 14:43:49 --> Error connecting to the database: mysqli_sql_exception: No connection could be made because the target machine actively refused it in C:\xampp\htdocs\web-desa-ci4\system\Database\MySQLi\Connection.php:186
Stack trace:
#0 C:\xampp\htdocs\web-desa-ci4\system\Database\MySQLi\Connection.php(186): mysqli->real_connect('localhost', 'root', Object(SensitiveParameterValue), 'db-web-desa-ci4', 3307, '', 0)
#1 C:\xampp\htdocs\web-desa-ci4\system\Database\BaseConnection.php(421): CodeIgniter\Database\MySQLi\Connection->connect(false)
#2 C:\xampp\htdocs\web-desa-ci4\system\Database\BaseConnection.php(616): CodeIgniter\Database\BaseConnection->initialize()
#3 C:\xampp\htdocs\web-desa-ci4\system\Database\BaseBuilder.php(1644): CodeIgniter\Database\BaseConnection->query('SELECT *\nFROM `...', Array, false)
#4 C:\xampp\htdocs\web-desa-ci4\app\Models\ModelPekerjaan.php(16): CodeIgniter\Database\BaseBuilder->get()
#5 C:\xampp\htdocs\web-desa-ci4\app\Controllers\Pekerjaan.php(19): App\Models\ModelPekerjaan->AllData()
#6 C:\xampp\htdocs\web-desa-ci4\system\CodeIgniter.php(933): App\Controllers\Pekerjaan->index()
#7 C:\xampp\htdocs\web-desa-ci4\system\CodeIgniter.php(509): CodeIgniter\CodeIgniter->runController(Object(App\Controllers\Pekerjaan))
#8 C:\xampp\htdocs\web-desa-ci4\system\CodeIgniter.php(355): CodeIgniter\CodeIgniter->handleRequest(NULL, Object(Config\Cache), false)
#9 C:\xampp\htdocs\web-desa-ci4\system\Boot.php(325): CodeIgniter\CodeIgniter->run()
#10 C:\xampp\htdocs\web-desa-ci4\system\Boot.php(67): CodeIgniter\Boot::runCodeIgniter(Object(CodeIgniter\CodeIgniter))
#11 C:\xampp\htdocs\web-desa-ci4\public\index.php(56): CodeIgniter\Boot::bootWeb(Object(Config\Paths))
#12 {main}

Next CodeIgniter\Database\Exceptions\DatabaseException: No connection could be made because the target machine actively refused it in C:\xampp\htdocs\web-desa-ci4\system\Database\MySQLi\Connection.php:231
Stack trace:
#0 C:\xampp\htdocs\web-desa-ci4\system\Database\BaseConnection.php(421): CodeIgniter\Database\MySQLi\Connection->connect(false)
#1 C:\xampp\htdocs\web-desa-ci4\system\Database\BaseConnection.php(616): CodeIgniter\Database\BaseConnection->initialize()
#2 C:\xampp\htdocs\web-desa-ci4\system\Database\BaseBuilder.php(1644): CodeIgniter\Database\BaseConnection->query('SELECT *\nFROM `...', Array, false)
#3 C:\xampp\htdocs\web-desa-ci4\app\Models\ModelPekerjaan.php(16): CodeIgniter\Database\BaseBuilder->get()
#4 C:\xampp\htdocs\web-desa-ci4\app\Controllers\Pekerjaan.php(19): App\Models\ModelPekerjaan->AllData()
#5 C:\xampp\htdocs\web-desa-ci4\system\CodeIgniter.php(933): App\Controllers\Pekerjaan->index()
#6 C:\xampp\htdocs\web-desa-ci4\system\CodeIgniter.php(509): CodeIgniter\CodeIgniter->runController(Object(App\Controllers\Pekerjaan))
#7 C:\xampp\htdocs\web-desa-ci4\system\CodeIgniter.php(355): CodeIgniter\CodeIgniter->handleRequest(NULL, Object(Config\Cache), false)
#8 C:\xampp\htdocs\web-desa-ci4\system\Boot.php(325): CodeIgniter\CodeIgniter->run()
#9 C:\xampp\htdocs\web-desa-ci4\system\Boot.php(67): CodeIgniter\Boot::runCodeIgniter(Object(CodeIgniter\CodeIgniter))
#10 C:\xampp\htdocs\web-desa-ci4\public\index.php(56): CodeIgniter\Boot::bootWeb(Object(Config\Paths))
#11 {main}
CRITICAL - 2024-10-01 14:43:49 --> CodeIgniter\Database\Exceptions\DatabaseException: Unable to connect to the database.
Main connection [MySQLi]: No connection could be made because the target machine actively refused it
[Method: GET, Route: Pekerjaan]
in SYSTEMPATH\Database\BaseConnection.php on line 467.
 1 SYSTEMPATH\Database\BaseConnection.php(616): CodeIgniter\Database\BaseConnection->initialize()
 2 SYSTEMPATH\Database\BaseBuilder.php(1644): CodeIgniter\Database\BaseConnection->query('SELECT *
FROM `tbl_pekerjaan`', [], false)
 3 APPPATH\Models\ModelPekerjaan.php(16): CodeIgniter\Database\BaseBuilder->get()
 4 APPPATH\Controllers\Pekerjaan.php(19): App\Models\ModelPekerjaan->AllData()
 5 SYSTEMPATH\CodeIgniter.php(933): App\Controllers\Pekerjaan->index()
 6 SYSTEMPATH\CodeIgniter.php(509): CodeIgniter\CodeIgniter->runController(Object(App\Controllers\Pekerjaan))
 7 SYSTEMPATH\CodeIgniter.php(355): CodeIgniter\CodeIgniter->handleRequest(null, Object(Config\Cache), false)
 8 SYSTEMPATH\Boot.php(325): CodeIgniter\CodeIgniter->run()
 9 SYSTEMPATH\Boot.php(67): CodeIgniter\Boot::runCodeIgniter(Object(CodeIgniter\CodeIgniter))
10 FCPATH\index.php(56): CodeIgniter\Boot::bootWeb(Object(Config\Paths))
ERROR - 2024-10-01 14:43:55 --> Error connecting to the database: mysqli_sql_exception: No connection could be made because the target machine actively refused it in C:\xampp\htdocs\web-desa-ci4\system\Database\MySQLi\Connection.php:186
Stack trace:
#0 C:\xampp\htdocs\web-desa-ci4\system\Database\MySQLi\Connection.php(186): mysqli->real_connect('localhost', 'root', Object(SensitiveParameterValue), 'db-web-desa-ci4', 3307, '', 0)
#1 C:\xampp\htdocs\web-desa-ci4\system\Database\BaseConnection.php(421): CodeIgniter\Database\MySQLi\Connection->connect(false)
#2 C:\xampp\htdocs\web-desa-ci4\system\Database\BaseConnection.php(616): CodeIgniter\Database\BaseConnection->initialize()
#3 C:\xampp\htdocs\web-desa-ci4\system\Database\BaseBuilder.php(1644): CodeIgniter\Database\BaseConnection->query('SELECT *\nFROM `...', Array, false)
#4 C:\xampp\htdocs\web-desa-ci4\app\Models\ModelPekerjaan.php(16): CodeIgniter\Database\BaseBuilder->get()
#5 C:\xampp\htdocs\web-desa-ci4\app\Controllers\Pekerjaan.php(19): App\Models\ModelPekerjaan->AllData()
#6 C:\xampp\htdocs\web-desa-ci4\system\CodeIgniter.php(933): App\Controllers\Pekerjaan->index()
#7 C:\xampp\htdocs\web-desa-ci4\system\CodeIgniter.php(509): CodeIgniter\CodeIgniter->runController(Object(App\Controllers\Pekerjaan))
#8 C:\xampp\htdocs\web-desa-ci4\system\CodeIgniter.php(355): CodeIgniter\CodeIgniter->handleRequest(NULL, Object(Config\Cache), false)
#9 C:\xampp\htdocs\web-desa-ci4\system\Boot.php(325): CodeIgniter\CodeIgniter->run()
#10 C:\xampp\htdocs\web-desa-ci4\system\Boot.php(67): CodeIgniter\Boot::runCodeIgniter(Object(CodeIgniter\CodeIgniter))
#11 C:\xampp\htdocs\web-desa-ci4\public\index.php(56): CodeIgniter\Boot::bootWeb(Object(Config\Paths))
#12 {main}

Next CodeIgniter\Database\Exceptions\DatabaseException: No connection could be made because the target machine actively refused it in C:\xampp\htdocs\web-desa-ci4\system\Database\MySQLi\Connection.php:231
Stack trace:
#0 C:\xampp\htdocs\web-desa-ci4\system\Database\BaseConnection.php(421): CodeIgniter\Database\MySQLi\Connection->connect(false)
#1 C:\xampp\htdocs\web-desa-ci4\system\Database\BaseConnection.php(616): CodeIgniter\Database\BaseConnection->initialize()
#2 C:\xampp\htdocs\web-desa-ci4\system\Database\BaseBuilder.php(1644): CodeIgniter\Database\BaseConnection->query('SELECT *\nFROM `...', Array, false)
#3 C:\xampp\htdocs\web-desa-ci4\app\Models\ModelPekerjaan.php(16): CodeIgniter\Database\BaseBuilder->get()
#4 C:\xampp\htdocs\web-desa-ci4\app\Controllers\Pekerjaan.php(19): App\Models\ModelPekerjaan->AllData()
#5 C:\xampp\htdocs\web-desa-ci4\system\CodeIgniter.php(933): App\Controllers\Pekerjaan->index()
#6 C:\xampp\htdocs\web-desa-ci4\system\CodeIgniter.php(509): CodeIgniter\CodeIgniter->runController(Object(App\Controllers\Pekerjaan))
#7 C:\xampp\htdocs\web-desa-ci4\system\CodeIgniter.php(355): CodeIgniter\CodeIgniter->handleRequest(NULL, Object(Config\Cache), false)
#8 C:\xampp\htdocs\web-desa-ci4\system\Boot.php(325): CodeIgniter\CodeIgniter->run()
#9 C:\xampp\htdocs\web-desa-ci4\system\Boot.php(67): CodeIgniter\Boot::runCodeIgniter(Object(CodeIgniter\CodeIgniter))
#10 C:\xampp\htdocs\web-desa-ci4\public\index.php(56): CodeIgniter\Boot::bootWeb(Object(Config\Paths))
#11 {main}
CRITICAL - 2024-10-01 14:43:55 --> CodeIgniter\Database\Exceptions\DatabaseException: Unable to connect to the database.
Main connection [MySQLi]: No connection could be made because the target machine actively refused it
[Method: GET, Route: Pekerjaan]
in SYSTEMPATH\Database\BaseConnection.php on line 467.
 1 SYSTEMPATH\Database\BaseConnection.php(616): CodeIgniter\Database\BaseConnection->initialize()
 2 SYSTEMPATH\Database\BaseBuilder.php(1644): CodeIgniter\Database\BaseConnection->query('SELECT *
FROM `tbl_pekerjaan`', [], false)
 3 APPPATH\Models\ModelPekerjaan.php(16): CodeIgniter\Database\BaseBuilder->get()
 4 APPPATH\Controllers\Pekerjaan.php(19): App\Models\ModelPekerjaan->AllData()
 5 SYSTEMPATH\CodeIgniter.php(933): App\Controllers\Pekerjaan->index()
 6 SYSTEMPATH\CodeIgniter.php(509): CodeIgniter\CodeIgniter->runController(Object(App\Controllers\Pekerjaan))
 7 SYSTEMPATH\CodeIgniter.php(355): CodeIgniter\CodeIgniter->handleRequest(null, Object(Config\Cache), false)
 8 SYSTEMPATH\Boot.php(325): CodeIgniter\CodeIgniter->run()
 9 SYSTEMPATH\Boot.php(67): CodeIgniter\Boot::runCodeIgniter(Object(CodeIgniter\CodeIgniter))
10 FCPATH\index.php(56): CodeIgniter\Boot::bootWeb(Object(Config\Paths))
INFO - 2024-10-01 14:46:12 --> Session: Class initialized using 'CodeIgniter\Session\Handlers\FileHandler' driver.
INFO - 2024-10-01 14:46:18 --> Session: Class initialized using 'CodeIgniter\Session\Handlers\FileHandler' driver.
INFO - 2024-10-01 14:47:28 --> Session: Class initialized using 'CodeIgniter\Session\Handlers\FileHandler' driver.
ERROR - 2024-10-01 14:47:30 --> mysqli_sql_exception: Table 'db-web-desa-ci4.tbl_peghasilan' doesn't exist in C:\xampp\htdocs\web-desa-ci4\system\Database\MySQLi\Connection.php:312
Stack trace:
#0 C:\xampp\htdocs\web-desa-ci4\system\Database\MySQLi\Connection.php(312): mysqli->query('INSERT INTO `tb...', 0)
#1 C:\xampp\htdocs\web-desa-ci4\system\Database\BaseConnection.php(734): CodeIgniter\Database\MySQLi\Connection->execute('INSERT INTO `tb...')
#2 C:\xampp\htdocs\web-desa-ci4\system\Database\BaseConnection.php(648): CodeIgniter\Database\BaseConnection->simpleQuery('INSERT INTO `tb...')
#3 C:\xampp\htdocs\web-desa-ci4\system\Database\BaseBuilder.php(2340): CodeIgniter\Database\BaseConnection->query('INSERT INTO `tb...', Array, false)
#4 C:\xampp\htdocs\web-desa-ci4\app\Models\ModelPenghasilan.php(21): CodeIgniter\Database\BaseBuilder->insert(Array)
#5 C:\xampp\htdocs\web-desa-ci4\app\Controllers\Penghasilan.php(31): App\Models\ModelPenghasilan->InsertData(Array)
#6 C:\xampp\htdocs\web-desa-ci4\system\CodeIgniter.php(933): App\Controllers\Penghasilan->InsertData()
#7 C:\xampp\htdocs\web-desa-ci4\system\CodeIgniter.php(509): CodeIgniter\CodeIgniter->runController(Object(App\Controllers\Penghasilan))
#8 C:\xampp\htdocs\web-desa-ci4\system\CodeIgniter.php(355): CodeIgniter\CodeIgniter->handleRequest(NULL, Object(Config\Cache), false)
#9 C:\xampp\htdocs\web-desa-ci4\system\Boot.php(325): CodeIgniter\CodeIgniter->run()
#10 C:\xampp\htdocs\web-desa-ci4\system\Boot.php(67): CodeIgniter\Boot::runCodeIgniter(Object(CodeIgniter\CodeIgniter))
#11 C:\xampp\htdocs\web-desa-ci4\public\index.php(56): CodeIgniter\Boot::bootWeb(Object(Config\Paths))
#12 {main}
CRITICAL - 2024-10-01 14:47:30 --> CodeIgniter\Database\Exceptions\DatabaseException: Table 'db-web-desa-ci4.tbl_peghasilan' doesn't exist
[Method: POST, Route: penghasilan/InsertData]
in SYSTEMPATH\Database\BaseConnection.php on line 688.
 1 SYSTEMPATH\Database\BaseBuilder.php(2340): CodeIgniter\Database\BaseConnection->query('INSERT INTO `tbl_peghasilan` (`penghasilan`) VALUES (:penghasilan:)', [...], false)
 2 APPPATH\Models\ModelPenghasilan.php(21): CodeIgniter\Database\BaseBuilder->insert([...])
 3 APPPATH\Controllers\Penghasilan.php(31): App\Models\ModelPenghasilan->InsertData([...])
 4 SYSTEMPATH\CodeIgniter.php(933): App\Controllers\Penghasilan->InsertData()
 5 SYSTEMPATH\CodeIgniter.php(509): CodeIgniter\CodeIgniter->runController(Object(App\Controllers\Penghasilan))
 6 SYSTEMPATH\CodeIgniter.php(355): CodeIgniter\CodeIgniter->handleRequest(null, Object(Config\Cache), false)
 7 SYSTEMPATH\Boot.php(325): CodeIgniter\CodeIgniter->run()
 8 SYSTEMPATH\Boot.php(67): CodeIgniter\Boot::runCodeIgniter(Object(CodeIgniter\CodeIgniter))
 9 FCPATH\index.php(56): CodeIgniter\Boot::bootWeb(Object(Config\Paths))
CRITICAL - 2024-10-01 14:47:30 --> [Caused by] CodeIgniter\Database\Exceptions\DatabaseException: Table 'db-web-desa-ci4.tbl_peghasilan' doesn't exist
in SYSTEMPATH\Database\MySQLi\Connection.php on line 317.
 1 SYSTEMPATH\Database\BaseConnection.php(734): CodeIgniter\Database\MySQLi\Connection->execute('INSERT INTO `tbl_peghasilan` (`penghasilan`) VALUES (\'Rp 2.000.000 s/d 3.000.000\')')
 2 SYSTEMPATH\Database\BaseConnection.php(648): CodeIgniter\Database\BaseConnection->simpleQuery('INSERT INTO `tbl_peghasilan` (`penghasilan`) VALUES (\'Rp 2.000.000 s/d 3.000.000\')')
 3 SYSTEMPATH\Database\BaseBuilder.php(2340): CodeIgniter\Database\BaseConnection->query('INSERT INTO `tbl_peghasilan` (`penghasilan`) VALUES (:penghasilan:)', [...], false)
 4 APPPATH\Models\ModelPenghasilan.php(21): CodeIgniter\Database\BaseBuilder->insert([...])
 5 APPPATH\Controllers\Penghasilan.php(31): App\Models\ModelPenghasilan->InsertData([...])
 6 SYSTEMPATH\CodeIgniter.php(933): App\Controllers\Penghasilan->InsertData()
 7 SYSTEMPATH\CodeIgniter.php(509): CodeIgniter\CodeIgniter->runController(Object(App\Controllers\Penghasilan))
 8 SYSTEMPATH\CodeIgniter.php(355): CodeIgniter\CodeIgniter->handleRequest(null, Object(Config\Cache), false)
 9 SYSTEMPATH\Boot.php(325): CodeIgniter\CodeIgniter->run()
10 SYSTEMPATH\Boot.php(67): CodeIgniter\Boot::runCodeIgniter(Object(CodeIgniter\CodeIgniter))
11 FCPATH\index.php(56): CodeIgniter\Boot::bootWeb(Object(Config\Paths))
CRITICAL - 2024-10-01 14:47:30 --> [Caused by] mysqli_sql_exception: Table 'db-web-desa-ci4.tbl_peghasilan' doesn't exist
in SYSTEMPATH\Database\MySQLi\Connection.php on line 312.
 1 SYSTEMPATH\Database\MySQLi\Connection.php(312): mysqli->query('INSERT INTO `tbl_peghasilan` (`penghasilan`) VALUES (\'Rp 2.000.000 s/d 3.000.000\')', 0)
 2 SYSTEMPATH\Database\BaseConnection.php(734): CodeIgniter\Database\MySQLi\Connection->execute('INSERT INTO `tbl_peghasilan` (`penghasilan`) VALUES (\'Rp 2.000.000 s/d 3.000.000\')')
 3 SYSTEMPATH\Database\BaseConnection.php(648): CodeIgniter\Database\BaseConnection->simpleQuery('INSERT INTO `tbl_peghasilan` (`penghasilan`) VALUES (\'Rp 2.000.000 s/d 3.000.000\')')
 4 SYSTEMPATH\Database\BaseBuilder.php(2340): CodeIgniter\Database\BaseConnection->query('INSERT INTO `tbl_peghasilan` (`penghasilan`) VALUES (:penghasilan:)', [...], false)
 5 APPPATH\Models\ModelPenghasilan.php(21): CodeIgniter\Database\BaseBuilder->insert([...])
 6 APPPATH\Controllers\Penghasilan.php(31): App\Models\ModelPenghasilan->InsertData([...])
 7 SYSTEMPATH\CodeIgniter.php(933): App\Controllers\Penghasilan->InsertData()
 8 SYSTEMPATH\CodeIgniter.php(509): CodeIgniter\CodeIgniter->runController(Object(App\Controllers\Penghasilan))
 9 SYSTEMPATH\CodeIgniter.php(355): CodeIgniter\CodeIgniter->handleRequest(null, Object(Config\Cache), false)
10 SYSTEMPATH\Boot.php(325): CodeIgniter\CodeIgniter->run()
11 SYSTEMPATH\Boot.php(67): CodeIgniter\Boot::runCodeIgniter(Object(CodeIgniter\CodeIgniter))
12 FCPATH\index.php(56): CodeIgniter\Boot::bootWeb(Object(Config\Paths))
INFO - 2024-10-01 14:47:44 --> Session: Class initialized using 'CodeIgniter\Session\Handlers\FileHandler' driver.
ERROR - 2024-10-01 14:47:46 --> mysqli_sql_exception: Table 'db-web-desa-ci4.tbl_peghasilan' doesn't exist in C:\xampp\htdocs\web-desa-ci4\system\Database\MySQLi\Connection.php:312
Stack trace:
#0 C:\xampp\htdocs\web-desa-ci4\system\Database\MySQLi\Connection.php(312): mysqli->query('INSERT INTO `tb...', 0)
#1 C:\xampp\htdocs\web-desa-ci4\system\Database\BaseConnection.php(734): CodeIgniter\Database\MySQLi\Connection->execute('INSERT INTO `tb...')
#2 C:\xampp\htdocs\web-desa-ci4\system\Database\BaseConnection.php(648): CodeIgniter\Database\BaseConnection->simpleQuery('INSERT INTO `tb...')
#3 C:\xampp\htdocs\web-desa-ci4\system\Database\BaseBuilder.php(2340): CodeIgniter\Database\BaseConnection->query('INSERT INTO `tb...', Array, false)
#4 C:\xampp\htdocs\web-desa-ci4\app\Models\ModelPenghasilan.php(21): CodeIgniter\Database\BaseBuilder->insert(Array)
#5 C:\xampp\htdocs\web-desa-ci4\app\Controllers\Penghasilan.php(31): App\Models\ModelPenghasilan->InsertData(Array)
#6 C:\xampp\htdocs\web-desa-ci4\system\CodeIgniter.php(933): App\Controllers\Penghasilan->InsertData()
#7 C:\xampp\htdocs\web-desa-ci4\system\CodeIgniter.php(509): CodeIgniter\CodeIgniter->runController(Object(App\Controllers\Penghasilan))
#8 C:\xampp\htdocs\web-desa-ci4\system\CodeIgniter.php(355): CodeIgniter\CodeIgniter->handleRequest(NULL, Object(Config\Cache), false)
#9 C:\xampp\htdocs\web-desa-ci4\system\Boot.php(325): CodeIgniter\CodeIgniter->run()
#10 C:\xampp\htdocs\web-desa-ci4\system\Boot.php(67): CodeIgniter\Boot::runCodeIgniter(Object(CodeIgniter\CodeIgniter))
#11 C:\xampp\htdocs\web-desa-ci4\public\index.php(56): CodeIgniter\Boot::bootWeb(Object(Config\Paths))
#12 {main}
CRITICAL - 2024-10-01 14:47:46 --> CodeIgniter\Database\Exceptions\DatabaseException: Table 'db-web-desa-ci4.tbl_peghasilan' doesn't exist
[Method: POST, Route: penghasilan/InsertData]
in SYSTEMPATH\Database\BaseConnection.php on line 688.
 1 SYSTEMPATH\Database\BaseBuilder.php(2340): CodeIgniter\Database\BaseConnection->query('INSERT INTO `tbl_peghasilan` (`penghasilan`) VALUES (:penghasilan:)', [...], false)
 2 APPPATH\Models\ModelPenghasilan.php(21): CodeIgniter\Database\BaseBuilder->insert([...])
 3 APPPATH\Controllers\Penghasilan.php(31): App\Models\ModelPenghasilan->InsertData([...])
 4 SYSTEMPATH\CodeIgniter.php(933): App\Controllers\Penghasilan->InsertData()
 5 SYSTEMPATH\CodeIgniter.php(509): CodeIgniter\CodeIgniter->runController(Object(App\Controllers\Penghasilan))
 6 SYSTEMPATH\CodeIgniter.php(355): CodeIgniter\CodeIgniter->handleRequest(null, Object(Config\Cache), false)
 7 SYSTEMPATH\Boot.php(325): CodeIgniter\CodeIgniter->run()
 8 SYSTEMPATH\Boot.php(67): CodeIgniter\Boot::runCodeIgniter(Object(CodeIgniter\CodeIgniter))
 9 FCPATH\index.php(56): CodeIgniter\Boot::bootWeb(Object(Config\Paths))
CRITICAL - 2024-10-01 14:47:46 --> [Caused by] CodeIgniter\Database\Exceptions\DatabaseException: Table 'db-web-desa-ci4.tbl_peghasilan' doesn't exist
in SYSTEMPATH\Database\MySQLi\Connection.php on line 317.
 1 SYSTEMPATH\Database\BaseConnection.php(734): CodeIgniter\Database\MySQLi\Connection->execute('INSERT INTO `tbl_peghasilan` (`penghasilan`) VALUES (\'Rp 2.000.000 s/d 3.000.000\')')
 2 SYSTEMPATH\Database\BaseConnection.php(648): CodeIgniter\Database\BaseConnection->simpleQuery('INSERT INTO `tbl_peghasilan` (`penghasilan`) VALUES (\'Rp 2.000.000 s/d 3.000.000\')')
 3 SYSTEMPATH\Database\BaseBuilder.php(2340): CodeIgniter\Database\BaseConnection->query('INSERT INTO `tbl_peghasilan` (`penghasilan`) VALUES (:penghasilan:)', [...], false)
 4 APPPATH\Models\ModelPenghasilan.php(21): CodeIgniter\Database\BaseBuilder->insert([...])
 5 APPPATH\Controllers\Penghasilan.php(31): App\Models\ModelPenghasilan->InsertData([...])
 6 SYSTEMPATH\CodeIgniter.php(933): App\Controllers\Penghasilan->InsertData()
 7 SYSTEMPATH\CodeIgniter.php(509): CodeIgniter\CodeIgniter->runController(Object(App\Controllers\Penghasilan))
 8 SYSTEMPATH\CodeIgniter.php(355): CodeIgniter\CodeIgniter->handleRequest(null, Object(Config\Cache), false)
 9 SYSTEMPATH\Boot.php(325): CodeIgniter\CodeIgniter->run()
10 SYSTEMPATH\Boot.php(67): CodeIgniter\Boot::runCodeIgniter(Object(CodeIgniter\CodeIgniter))
11 FCPATH\index.php(56): CodeIgniter\Boot::bootWeb(Object(Config\Paths))
CRITICAL - 2024-10-01 14:47:46 --> [Caused by] mysqli_sql_exception: Table 'db-web-desa-ci4.tbl_peghasilan' doesn't exist
in SYSTEMPATH\Database\MySQLi\Connection.php on line 312.
 1 SYSTEMPATH\Database\MySQLi\Connection.php(312): mysqli->query('INSERT INTO `tbl_peghasilan` (`penghasilan`) VALUES (\'Rp 2.000.000 s/d 3.000.000\')', 0)
 2 SYSTEMPATH\Database\BaseConnection.php(734): CodeIgniter\Database\MySQLi\Connection->execute('INSERT INTO `tbl_peghasilan` (`penghasilan`) VALUES (\'Rp 2.000.000 s/d 3.000.000\')')
 3 SYSTEMPATH\Database\BaseConnection.php(648): CodeIgniter\Database\BaseConnection->simpleQuery('INSERT INTO `tbl_peghasilan` (`penghasilan`) VALUES (\'Rp 2.000.000 s/d 3.000.000\')')
 4 SYSTEMPATH\Database\BaseBuilder.php(2340): CodeIgniter\Database\BaseConnection->query('INSERT INTO `tbl_peghasilan` (`penghasilan`) VALUES (:penghasilan:)', [...], false)
 5 APPPATH\Models\ModelPenghasilan.php(21): CodeIgniter\Database\BaseBuilder->insert([...])
 6 APPPATH\Controllers\Penghasilan.php(31): App\Models\ModelPenghasilan->InsertData([...])
 7 SYSTEMPATH\CodeIgniter.php(933): App\Controllers\Penghasilan->InsertData()
 8 SYSTEMPATH\CodeIgniter.php(509): CodeIgniter\CodeIgniter->runController(Object(App\Controllers\Penghasilan))
 9 SYSTEMPATH\CodeIgniter.php(355): CodeIgniter\CodeIgniter->handleRequest(null, Object(Config\Cache), false)
10 SYSTEMPATH\Boot.php(325): CodeIgniter\CodeIgniter->run()
11 SYSTEMPATH\Boot.php(67): CodeIgniter\Boot::runCodeIgniter(Object(CodeIgniter\CodeIgniter))
12 FCPATH\index.php(56): CodeIgniter\Boot::bootWeb(Object(Config\Paths))
INFO - 2024-10-01 14:48:14 --> Session: Class initialized using 'CodeIgniter\Session\Handlers\FileHandler' driver.
INFO - 2024-10-01 14:48:30 --> Session: Class initialized using 'CodeIgniter\Session\Handlers\FileHandler' driver.
ERROR - 2024-10-01 14:48:32 --> mysqli_sql_exception: Table 'db-web-desa-ci4.tbl_peghasilan' doesn't exist in C:\xampp\htdocs\web-desa-ci4\system\Database\MySQLi\Connection.php:312
Stack trace:
#0 C:\xampp\htdocs\web-desa-ci4\system\Database\MySQLi\Connection.php(312): mysqli->query('INSERT INTO `tb...', 0)
#1 C:\xampp\htdocs\web-desa-ci4\system\Database\BaseConnection.php(734): CodeIgniter\Database\MySQLi\Connection->execute('INSERT INTO `tb...')
#2 C:\xampp\htdocs\web-desa-ci4\system\Database\BaseConnection.php(648): CodeIgniter\Database\BaseConnection->simpleQuery('INSERT INTO `tb...')
#3 C:\xampp\htdocs\web-desa-ci4\system\Database\BaseBuilder.php(2340): CodeIgniter\Database\BaseConnection->query('INSERT INTO `tb...', Array, false)
#4 C:\xampp\htdocs\web-desa-ci4\app\Models\ModelPenghasilan.php(21): CodeIgniter\Database\BaseBuilder->insert(Array)
#5 C:\xampp\htdocs\web-desa-ci4\app\Controllers\Penghasilan.php(31): App\Models\ModelPenghasilan->InsertData(Array)
#6 C:\xampp\htdocs\web-desa-ci4\system\CodeIgniter.php(933): App\Controllers\Penghasilan->InsertData()
#7 C:\xampp\htdocs\web-desa-ci4\system\CodeIgniter.php(509): CodeIgniter\CodeIgniter->runController(Object(App\Controllers\Penghasilan))
#8 C:\xampp\htdocs\web-desa-ci4\system\CodeIgniter.php(355): CodeIgniter\CodeIgniter->handleRequest(NULL, Object(Config\Cache), false)
#9 C:\xampp\htdocs\web-desa-ci4\system\Boot.php(325): CodeIgniter\CodeIgniter->run()
#10 C:\xampp\htdocs\web-desa-ci4\system\Boot.php(67): CodeIgniter\Boot::runCodeIgniter(Object(CodeIgniter\CodeIgniter))
#11 C:\xampp\htdocs\web-desa-ci4\public\index.php(56): CodeIgniter\Boot::bootWeb(Object(Config\Paths))
#12 {main}
CRITICAL - 2024-10-01 14:48:32 --> CodeIgniter\Database\Exceptions\DatabaseException: Table 'db-web-desa-ci4.tbl_peghasilan' doesn't exist
[Method: POST, Route: penghasilan/InsertData]
in SYSTEMPATH\Database\BaseConnection.php on line 688.
 1 SYSTEMPATH\Database\BaseBuilder.php(2340): CodeIgniter\Database\BaseConnection->query('INSERT INTO `tbl_peghasilan` (`penghasilan`) VALUES (:penghasilan:)', [...], false)
 2 APPPATH\Models\ModelPenghasilan.php(21): CodeIgniter\Database\BaseBuilder->insert([...])
 3 APPPATH\Controllers\Penghasilan.php(31): App\Models\ModelPenghasilan->InsertData([...])
 4 SYSTEMPATH\CodeIgniter.php(933): App\Controllers\Penghasilan->InsertData()
 5 SYSTEMPATH\CodeIgniter.php(509): CodeIgniter\CodeIgniter->runController(Object(App\Controllers\Penghasilan))
 6 SYSTEMPATH\CodeIgniter.php(355): CodeIgniter\CodeIgniter->handleRequest(null, Object(Config\Cache), false)
 7 SYSTEMPATH\Boot.php(325): CodeIgniter\CodeIgniter->run()
 8 SYSTEMPATH\Boot.php(67): CodeIgniter\Boot::runCodeIgniter(Object(CodeIgniter\CodeIgniter))
 9 FCPATH\index.php(56): CodeIgniter\Boot::bootWeb(Object(Config\Paths))
CRITICAL - 2024-10-01 14:48:32 --> [Caused by] CodeIgniter\Database\Exceptions\DatabaseException: Table 'db-web-desa-ci4.tbl_peghasilan' doesn't exist
in SYSTEMPATH\Database\MySQLi\Connection.php on line 317.
 1 SYSTEMPATH\Database\BaseConnection.php(734): CodeIgniter\Database\MySQLi\Connection->execute('INSERT INTO `tbl_peghasilan` (`penghasilan`) VALUES (\'Rp 1.000.000 s/d 2.000.000\')')
 2 SYSTEMPATH\Database\BaseConnection.php(648): CodeIgniter\Database\BaseConnection->simpleQuery('INSERT INTO `tbl_peghasilan` (`penghasilan`) VALUES (\'Rp 1.000.000 s/d 2.000.000\')')
 3 SYSTEMPATH\Database\BaseBuilder.php(2340): CodeIgniter\Database\BaseConnection->query('INSERT INTO `tbl_peghasilan` (`penghasilan`) VALUES (:penghasilan:)', [...], false)
 4 APPPATH\Models\ModelPenghasilan.php(21): CodeIgniter\Database\BaseBuilder->insert([...])
 5 APPPATH\Controllers\Penghasilan.php(31): App\Models\ModelPenghasilan->InsertData([...])
 6 SYSTEMPATH\CodeIgniter.php(933): App\Controllers\Penghasilan->InsertData()
 7 SYSTEMPATH\CodeIgniter.php(509): CodeIgniter\CodeIgniter->runController(Object(App\Controllers\Penghasilan))
 8 SYSTEMPATH\CodeIgniter.php(355): CodeIgniter\CodeIgniter->handleRequest(null, Object(Config\Cache), false)
 9 SYSTEMPATH\Boot.php(325): CodeIgniter\CodeIgniter->run()
10 SYSTEMPATH\Boot.php(67): CodeIgniter\Boot::runCodeIgniter(Object(CodeIgniter\CodeIgniter))
11 FCPATH\index.php(56): CodeIgniter\Boot::bootWeb(Object(Config\Paths))
CRITICAL - 2024-10-01 14:48:32 --> [Caused by] mysqli_sql_exception: Table 'db-web-desa-ci4.tbl_peghasilan' doesn't exist
in SYSTEMPATH\Database\MySQLi\Connection.php on line 312.
 1 SYSTEMPATH\Database\MySQLi\Connection.php(312): mysqli->query('INSERT INTO `tbl_peghasilan` (`penghasilan`) VALUES (\'Rp 1.000.000 s/d 2.000.000\')', 0)
 2 SYSTEMPATH\Database\BaseConnection.php(734): CodeIgniter\Database\MySQLi\Connection->execute('INSERT INTO `tbl_peghasilan` (`penghasilan`) VALUES (\'Rp 1.000.000 s/d 2.000.000\')')
 3 SYSTEMPATH\Database\BaseConnection.php(648): CodeIgniter\Database\BaseConnection->simpleQuery('INSERT INTO `tbl_peghasilan` (`penghasilan`) VALUES (\'Rp 1.000.000 s/d 2.000.000\')')
 4 SYSTEMPATH\Database\BaseBuilder.php(2340): CodeIgniter\Database\BaseConnection->query('INSERT INTO `tbl_peghasilan` (`penghasilan`) VALUES (:penghasilan:)', [...], false)
 5 APPPATH\Models\ModelPenghasilan.php(21): CodeIgniter\Database\BaseBuilder->insert([...])
 6 APPPATH\Controllers\Penghasilan.php(31): App\Models\ModelPenghasilan->InsertData([...])
 7 SYSTEMPATH\CodeIgniter.php(933): App\Controllers\Penghasilan->InsertData()
 8 SYSTEMPATH\CodeIgniter.php(509): CodeIgniter\CodeIgniter->runController(Object(App\Controllers\Penghasilan))
 9 SYSTEMPATH\CodeIgniter.php(355): CodeIgniter\CodeIgniter->handleRequest(null, Object(Config\Cache), false)
10 SYSTEMPATH\Boot.php(325): CodeIgniter\CodeIgniter->run()
11 SYSTEMPATH\Boot.php(67): CodeIgniter\Boot::runCodeIgniter(Object(CodeIgniter\CodeIgniter))
12 FCPATH\index.php(56): CodeIgniter\Boot::bootWeb(Object(Config\Paths))
INFO - 2024-10-01 14:53:27 --> Session: Class initialized using 'CodeIgniter\Session\Handlers\FileHandler' driver.
INFO - 2024-10-01 14:53:52 --> Session: Class initialized using 'CodeIgniter\Session\Handlers\FileHandler' driver.
ERROR - 2024-10-01 14:53:54 --> mysqli_sql_exception: Table 'db-web-desa-ci4.tbl_peghasilan' doesn't exist in C:\xampp\htdocs\web-desa-ci4\system\Database\MySQLi\Connection.php:312
Stack trace:
#0 C:\xampp\htdocs\web-desa-ci4\system\Database\MySQLi\Connection.php(312): mysqli->query('INSERT INTO `tb...', 0)
#1 C:\xampp\htdocs\web-desa-ci4\system\Database\BaseConnection.php(734): CodeIgniter\Database\MySQLi\Connection->execute('INSERT INTO `tb...')
#2 C:\xampp\htdocs\web-desa-ci4\system\Database\BaseConnection.php(648): CodeIgniter\Database\BaseConnection->simpleQuery('INSERT INTO `tb...')
#3 C:\xampp\htdocs\web-desa-ci4\system\Database\BaseBuilder.php(2340): CodeIgniter\Database\BaseConnection->query('INSERT INTO `tb...', Array, false)
#4 C:\xampp\htdocs\web-desa-ci4\app\Models\ModelPenghasilan.php(21): CodeIgniter\Database\BaseBuilder->insert(Array)
#5 C:\xampp\htdocs\web-desa-ci4\app\Controllers\Penghasilan.php(31): App\Models\ModelPenghasilan->InsertData(Array)
#6 C:\xampp\htdocs\web-desa-ci4\system\CodeIgniter.php(933): App\Controllers\Penghasilan->InsertData()
#7 C:\xampp\htdocs\web-desa-ci4\system\CodeIgniter.php(509): CodeIgniter\CodeIgniter->runController(Object(App\Controllers\Penghasilan))
#8 C:\xampp\htdocs\web-desa-ci4\system\CodeIgniter.php(355): CodeIgniter\CodeIgniter->handleRequest(NULL, Object(Config\Cache), false)
#9 C:\xampp\htdocs\web-desa-ci4\system\Boot.php(325): CodeIgniter\CodeIgniter->run()
#10 C:\xampp\htdocs\web-desa-ci4\system\Boot.php(67): CodeIgniter\Boot::runCodeIgniter(Object(CodeIgniter\CodeIgniter))
#11 C:\xampp\htdocs\web-desa-ci4\public\index.php(56): CodeIgniter\Boot::bootWeb(Object(Config\Paths))
#12 {main}
CRITICAL - 2024-10-01 14:53:54 --> CodeIgniter\Database\Exceptions\DatabaseException: Table 'db-web-desa-ci4.tbl_peghasilan' doesn't exist
[Method: POST, Route: penghasilan/InsertData]
in SYSTEMPATH\Database\BaseConnection.php on line 688.
 1 SYSTEMPATH\Database\BaseBuilder.php(2340): CodeIgniter\Database\BaseConnection->query('INSERT INTO `tbl_peghasilan` (`penghasilan`) VALUES (:penghasilan:)', [...], false)
 2 APPPATH\Models\ModelPenghasilan.php(21): CodeIgniter\Database\BaseBuilder->insert([...])
 3 APPPATH\Controllers\Penghasilan.php(31): App\Models\ModelPenghasilan->InsertData([...])
 4 SYSTEMPATH\CodeIgniter.php(933): App\Controllers\Penghasilan->InsertData()
 5 SYSTEMPATH\CodeIgniter.php(509): CodeIgniter\CodeIgniter->runController(Object(App\Controllers\Penghasilan))
 6 SYSTEMPATH\CodeIgniter.php(355): CodeIgniter\CodeIgniter->handleRequest(null, Object(Config\Cache), false)
 7 SYSTEMPATH\Boot.php(325): CodeIgniter\CodeIgniter->run()
 8 SYSTEMPATH\Boot.php(67): CodeIgniter\Boot::runCodeIgniter(Object(CodeIgniter\CodeIgniter))
 9 FCPATH\index.php(56): CodeIgniter\Boot::bootWeb(Object(Config\Paths))
CRITICAL - 2024-10-01 14:53:54 --> [Caused by] CodeIgniter\Database\Exceptions\DatabaseException: Table 'db-web-desa-ci4.tbl_peghasilan' doesn't exist
in SYSTEMPATH\Database\MySQLi\Connection.php on line 317.
 1 SYSTEMPATH\Database\BaseConnection.php(734): CodeIgniter\Database\MySQLi\Connection->execute('INSERT INTO `tbl_peghasilan` (`penghasilan`) VALUES (\'Rp 2.000.000 s/d 3.000.000\')')
 2 SYSTEMPATH\Database\BaseConnection.php(648): CodeIgniter\Database\BaseConnection->simpleQuery('INSERT INTO `tbl_peghasilan` (`penghasilan`) VALUES (\'Rp 2.000.000 s/d 3.000.000\')')
 3 SYSTEMPATH\Database\BaseBuilder.php(2340): CodeIgniter\Database\BaseConnection->query('INSERT INTO `tbl_peghasilan` (`penghasilan`) VALUES (:penghasilan:)', [...], false)
 4 APPPATH\Models\ModelPenghasilan.php(21): CodeIgniter\Database\BaseBuilder->insert([...])
 5 APPPATH\Controllers\Penghasilan.php(31): App\Models\ModelPenghasilan->InsertData([...])
 6 SYSTEMPATH\CodeIgniter.php(933): App\Controllers\Penghasilan->InsertData()
 7 SYSTEMPATH\CodeIgniter.php(509): CodeIgniter\CodeIgniter->runController(Object(App\Controllers\Penghasilan))
 8 SYSTEMPATH\CodeIgniter.php(355): CodeIgniter\CodeIgniter->handleRequest(null, Object(Config\Cache), false)
 9 SYSTEMPATH\Boot.php(325): CodeIgniter\CodeIgniter->run()
10 SYSTEMPATH\Boot.php(67): CodeIgniter\Boot::runCodeIgniter(Object(CodeIgniter\CodeIgniter))
11 FCPATH\index.php(56): CodeIgniter\Boot::bootWeb(Object(Config\Paths))
CRITICAL - 2024-10-01 14:53:54 --> [Caused by] mysqli_sql_exception: Table 'db-web-desa-ci4.tbl_peghasilan' doesn't exist
in SYSTEMPATH\Database\MySQLi\Connection.php on line 312.
 1 SYSTEMPATH\Database\MySQLi\Connection.php(312): mysqli->query('INSERT INTO `tbl_peghasilan` (`penghasilan`) VALUES (\'Rp 2.000.000 s/d 3.000.000\')', 0)
 2 SYSTEMPATH\Database\BaseConnection.php(734): CodeIgniter\Database\MySQLi\Connection->execute('INSERT INTO `tbl_peghasilan` (`penghasilan`) VALUES (\'Rp 2.000.000 s/d 3.000.000\')')
 3 SYSTEMPATH\Database\BaseConnection.php(648): CodeIgniter\Database\BaseConnection->simpleQuery('INSERT INTO `tbl_peghasilan` (`penghasilan`) VALUES (\'Rp 2.000.000 s/d 3.000.000\')')
 4 SYSTEMPATH\Database\BaseBuilder.php(2340): CodeIgniter\Database\BaseConnection->query('INSERT INTO `tbl_peghasilan` (`penghasilan`) VALUES (:penghasilan:)', [...], false)
 5 APPPATH\Models\ModelPenghasilan.php(21): CodeIgniter\Database\BaseBuilder->insert([...])
 6 APPPATH\Controllers\Penghasilan.php(31): App\Models\ModelPenghasilan->InsertData([...])
 7 SYSTEMPATH\CodeIgniter.php(933): App\Controllers\Penghasilan->InsertData()
 8 SYSTEMPATH\CodeIgniter.php(509): CodeIgniter\CodeIgniter->runController(Object(App\Controllers\Penghasilan))
 9 SYSTEMPATH\CodeIgniter.php(355): CodeIgniter\CodeIgniter->handleRequest(null, Object(Config\Cache), false)
10 SYSTEMPATH\Boot.php(325): CodeIgniter\CodeIgniter->run()
11 SYSTEMPATH\Boot.php(67): CodeIgniter\Boot::runCodeIgniter(Object(CodeIgniter\CodeIgniter))
12 FCPATH\index.php(56): CodeIgniter\Boot::bootWeb(Object(Config\Paths))
INFO - 2024-10-01 14:57:22 --> Session: Class initialized using 'CodeIgniter\Session\Handlers\FileHandler' driver.
INFO - 2024-10-01 14:57:26 --> Session: Class initialized using 'CodeIgniter\Session\Handlers\FileHandler' driver.
INFO - 2024-10-01 14:57:54 --> Session: Class initialized using 'CodeIgniter\Session\Handlers\FileHandler' driver.
INFO - 2024-10-01 14:57:58 --> Session: Class initialized using 'CodeIgniter\Session\Handlers\FileHandler' driver.
INFO - 2024-10-01 14:58:09 --> Session: Class initialized using 'CodeIgniter\Session\Handlers\FileHandler' driver.
INFO - 2024-10-01 14:58:14 --> Session: Class initialized using 'CodeIgniter\Session\Handlers\FileHandler' driver.
INFO - 2024-10-01 14:58:18 --> Session: Class initialized using 'CodeIgniter\Session\Handlers\FileHandler' driver.
INFO - 2024-10-01 14:58:22 --> Session: Class initialized using 'CodeIgniter\Session\Handlers\FileHandler' driver.
INFO - 2024-10-01 14:59:36 --> Session: Class initialized using 'CodeIgniter\Session\Handlers\FileHandler' driver.
INFO - 2024-10-01 15:00:15 --> Session: Class initialized using 'CodeIgniter\Session\Handlers\FileHandler' driver.
INFO - 2024-10-01 15:00:16 --> Session: Class initialized using 'CodeIgniter\Session\Handlers\FileHandler' driver.
INFO - 2024-10-01 15:00:24 --> Session: Class initialized using 'CodeIgniter\Session\Handlers\FileHandler' driver.
INFO - 2024-10-01 15:00:33 --> Session: Class initialized using 'CodeIgniter\Session\Handlers\FileHandler' driver.
INFO - 2024-10-01 15:00:34 --> Session: Class initialized using 'CodeIgniter\Session\Handlers\FileHandler' driver.
INFO - 2024-10-01 15:00:38 --> Session: Class initialized using 'CodeIgniter\Session\Handlers\FileHandler' driver.
INFO - 2024-10-01 15:00:38 --> Session: Class initialized using 'CodeIgniter\Session\Handlers\FileHandler' driver.
INFO - 2024-10-01 15:01:51 --> Session: Class initialized using 'CodeIgniter\Session\Handlers\FileHandler' driver.
INFO - 2024-10-01 15:01:58 --> Session: Class initialized using 'CodeIgniter\Session\Handlers\FileHandler' driver.
INFO - 2024-10-01 15:01:58 --> Session: Class initialized using 'CodeIgniter\Session\Handlers\FileHandler' driver.
INFO - 2024-10-01 15:02:54 --> Session: Class initialized using 'CodeIgniter\Session\Handlers\FileHandler' driver.
INFO - 2024-10-01 15:02:56 --> Session: Class initialized using 'CodeIgniter\Session\Handlers\FileHandler' driver.
INFO - 2024-10-01 15:03:10 --> Session: Class initialized using 'CodeIgniter\Session\Handlers\FileHandler' driver.
INFO - 2024-10-01 15:03:14 --> Session: Class initialized using 'CodeIgniter\Session\Handlers\FileHandler' driver.
INFO - 2024-10-01 15:03:52 --> Session: Class initialized using 'CodeIgniter\Session\Handlers\FileHandler' driver.
INFO - 2024-10-01 15:05:38 --> Session: Class initialized using 'CodeIgniter\Session\Handlers\FileHandler' driver.
INFO - 2024-10-01 15:05:52 --> Session: Class initialized using 'CodeIgniter\Session\Handlers\FileHandler' driver.
INFO - 2024-10-01 15:06:19 --> Session: Class initialized using 'CodeIgniter\Session\Handlers\FileHandler' driver.
INFO - 2024-10-01 15:06:26 --> Session: Class initialized using 'CodeIgniter\Session\Handlers\FileHandler' driver.
INFO - 2024-10-01 15:27:48 --> Session: Class initialized using 'CodeIgniter\Session\Handlers\FileHandler' driver.
CRITICAL - 2024-10-01 15:27:50 --> ErrorException: Undefined property: App\Controllers\Berita::$ModelBerita
[Method: GET, Route: Berita]
in APPPATH\Controllers\Berita.php on line 19.
 1 APPPATH\Controllers\Berita.php(19): CodeIgniter\Debug\Exceptions->errorHandler(2, 'Undefined property: App\\Controllers\\Berita::$ModelBerita', 'C:\\xampp\\htdocs\\web-desa-ci4\\app\\Controllers\\Berita.php', 19)
 2 SYSTEMPATH\CodeIgniter.php(933): App\Controllers\Berita->index()
 3 SYSTEMPATH\CodeIgniter.php(509): CodeIgniter\CodeIgniter->runController(Object(App\Controllers\Berita))
 4 SYSTEMPATH\CodeIgniter.php(355): CodeIgniter\CodeIgniter->handleRequest(null, Object(Config\Cache), false)
 5 SYSTEMPATH\Boot.php(325): CodeIgniter\CodeIgniter->run()
 6 SYSTEMPATH\Boot.php(67): CodeIgniter\Boot::runCodeIgniter(Object(CodeIgniter\CodeIgniter))
 7 FCPATH\index.php(56): CodeIgniter\Boot::bootWeb(Object(Config\Paths))
WARNING - 2024-10-01 15:29:13 --> [DEPRECATED] Creation of dynamic property App\Controllers\Berita::$ModelBerita is deprecated in APPPATH\Controllers\Berita.php on line 11.
 1 SYSTEMPATH\CodeIgniter.php(903): App\Controllers\Berita->__construct()
 2 SYSTEMPATH\CodeIgniter.php(500): CodeIgniter\CodeIgniter->createController()
 3 SYSTEMPATH\CodeIgniter.php(355): CodeIgniter\CodeIgniter->handleRequest(null, Object(Config\Cache), false)
 4 SYSTEMPATH\Boot.php(325): CodeIgniter\CodeIgniter->run()
 5 SYSTEMPATH\Boot.php(67): CodeIgniter\Boot::runCodeIgniter(Object(CodeIgniter\CodeIgniter))
 6 FCPATH\index.php(56): CodeIgniter\Boot::bootWeb(Object(Config\Paths))
INFO - 2024-10-01 15:29:15 --> Session: Class initialized using 'CodeIgniter\Session\Handlers\FileHandler' driver.
WARNING - 2024-10-01 15:44:32 --> [DEPRECATED] Creation of dynamic property App\Controllers\Berita::$ModelBerita is deprecated in APPPATH\Controllers\Berita.php on line 11.
 1 SYSTEMPATH\CodeIgniter.php(903): App\Controllers\Berita->__construct()
 2 SYSTEMPATH\CodeIgniter.php(500): CodeIgniter\CodeIgniter->createController()
 3 SYSTEMPATH\CodeIgniter.php(355): CodeIgniter\CodeIgniter->handleRequest(null, Object(Config\Cache), false)
 4 SYSTEMPATH\Boot.php(325): CodeIgniter\CodeIgniter->run()
 5 SYSTEMPATH\Boot.php(67): CodeIgniter\Boot::runCodeIgniter(Object(CodeIgniter\CodeIgniter))
 6 FCPATH\index.php(56): CodeIgniter\Boot::bootWeb(Object(Config\Paths))
INFO - 2024-10-01 15:44:34 --> Session: Class initialized using 'CodeIgniter\Session\Handlers\FileHandler' driver.
WARNING - 2024-10-01 15:51:57 --> [DEPRECATED] Creation of dynamic property App\Controllers\Berita::$ModelBerita is deprecated in APPPATH\Controllers\Berita.php on line 11.
 1 SYSTEMPATH\CodeIgniter.php(903): App\Controllers\Berita->__construct()
 2 SYSTEMPATH\CodeIgniter.php(500): CodeIgniter\CodeIgniter->createController()
 3 SYSTEMPATH\CodeIgniter.php(355): CodeIgniter\CodeIgniter->handleRequest(null, Object(Config\Cache), false)
 4 SYSTEMPATH\Boot.php(325): CodeIgniter\CodeIgniter->run()
 5 SYSTEMPATH\Boot.php(67): CodeIgniter\Boot::runCodeIgniter(Object(CodeIgniter\CodeIgniter))
 6 FCPATH\index.php(56): CodeIgniter\Boot::bootWeb(Object(Config\Paths))
INFO - 2024-10-01 15:51:59 --> Session: Class initialized using 'CodeIgniter\Session\Handlers\FileHandler' driver.
WARNING - 2024-10-01 16:02:02 --> [DEPRECATED] Creation of dynamic property App\Controllers\Berita::$ModelBerita is deprecated in APPPATH\Controllers\Berita.php on line 11.
 1 SYSTEMPATH\CodeIgniter.php(903): App\Controllers\Berita->__construct()
 2 SYSTEMPATH\CodeIgniter.php(500): CodeIgniter\CodeIgniter->createController()
 3 SYSTEMPATH\CodeIgniter.php(355): CodeIgniter\CodeIgniter->handleRequest(null, Object(Config\Cache), false)
 4 SYSTEMPATH\Boot.php(325): CodeIgniter\CodeIgniter->run()
 5 SYSTEMPATH\Boot.php(67): CodeIgniter\Boot::runCodeIgniter(Object(CodeIgniter\CodeIgniter))
 6 FCPATH\index.php(56): CodeIgniter\Boot::bootWeb(Object(Config\Paths))
INFO - 2024-10-01 16:02:04 --> Session: Class initialized using 'CodeIgniter\Session\Handlers\FileHandler' driver.
WARNING - 2024-10-01 16:03:26 --> [DEPRECATED] Creation of dynamic property App\Controllers\Berita::$ModelBerita is deprecated in APPPATH\Controllers\Berita.php on line 11.
 1 SYSTEMPATH\CodeIgniter.php(903): App\Controllers\Berita->__construct()
 2 SYSTEMPATH\CodeIgniter.php(500): CodeIgniter\CodeIgniter->createController()
 3 SYSTEMPATH\CodeIgniter.php(355): CodeIgniter\CodeIgniter->handleRequest(null, Object(Config\Cache), false)
 4 SYSTEMPATH\Boot.php(325): CodeIgniter\CodeIgniter->run()
 5 SYSTEMPATH\Boot.php(67): CodeIgniter\Boot::runCodeIgniter(Object(CodeIgniter\CodeIgniter))
 6 FCPATH\index.php(56): CodeIgniter\Boot::bootWeb(Object(Config\Paths))
INFO - 2024-10-01 16:03:28 --> Session: Class initialized using 'CodeIgniter\Session\Handlers\FileHandler' driver.
WARNING - 2024-10-01 16:04:47 --> [DEPRECATED] Creation of dynamic property App\Controllers\Berita::$ModelBerita is deprecated in APPPATH\Controllers\Berita.php on line 11.
 1 SYSTEMPATH\CodeIgniter.php(903): App\Controllers\Berita->__construct()
 2 SYSTEMPATH\CodeIgniter.php(500): CodeIgniter\CodeIgniter->createController()
 3 SYSTEMPATH\CodeIgniter.php(355): CodeIgniter\CodeIgniter->handleRequest(null, Object(Config\Cache), false)
 4 SYSTEMPATH\Boot.php(325): CodeIgniter\CodeIgniter->run()
 5 SYSTEMPATH\Boot.php(67): CodeIgniter\Boot::runCodeIgniter(Object(CodeIgniter\CodeIgniter))
 6 FCPATH\index.php(56): CodeIgniter\Boot::bootWeb(Object(Config\Paths))
INFO - 2024-10-01 16:04:49 --> Session: Class initialized using 'CodeIgniter\Session\Handlers\FileHandler' driver.
WARNING - 2024-10-01 16:05:49 --> [DEPRECATED] Creation of dynamic property App\Controllers\Berita::$ModelBerita is deprecated in APPPATH\Controllers\Berita.php on line 11.
 1 SYSTEMPATH\CodeIgniter.php(903): App\Controllers\Berita->__construct()
 2 SYSTEMPATH\CodeIgniter.php(500): CodeIgniter\CodeIgniter->createController()
 3 SYSTEMPATH\CodeIgniter.php(355): CodeIgniter\CodeIgniter->handleRequest(null, Object(Config\Cache), false)
 4 SYSTEMPATH\Boot.php(325): CodeIgniter\CodeIgniter->run()
 5 SYSTEMPATH\Boot.php(67): CodeIgniter\Boot::runCodeIgniter(Object(CodeIgniter\CodeIgniter))
 6 FCPATH\index.php(56): CodeIgniter\Boot::bootWeb(Object(Config\Paths))
INFO - 2024-10-01 16:05:51 --> Session: Class initialized using 'CodeIgniter\Session\Handlers\FileHandler' driver.
WARNING - 2024-10-01 16:06:10 --> [DEPRECATED] Creation of dynamic property App\Controllers\Berita::$ModelBerita is deprecated in APPPATH\Controllers\Berita.php on line 11.
 1 SYSTEMPATH\CodeIgniter.php(903): App\Controllers\Berita->__construct()
 2 SYSTEMPATH\CodeIgniter.php(500): CodeIgniter\CodeIgniter->createController()
 3 SYSTEMPATH\CodeIgniter.php(355): CodeIgniter\CodeIgniter->handleRequest(null, Object(Config\Cache), false)
 4 SYSTEMPATH\Boot.php(325): CodeIgniter\CodeIgniter->run()
 5 SYSTEMPATH\Boot.php(67): CodeIgniter\Boot::runCodeIgniter(Object(CodeIgniter\CodeIgniter))
 6 FCPATH\index.php(56): CodeIgniter\Boot::bootWeb(Object(Config\Paths))
INFO - 2024-10-01 16:06:12 --> Session: Class initialized using 'CodeIgniter\Session\Handlers\FileHandler' driver.
INFO - 2024-10-01 16:06:21 --> Session: Class initialized using 'CodeIgniter\Session\Handlers\FileHandler' driver.
WARNING - 2024-10-01 16:06:23 --> [DEPRECATED] Creation of dynamic property App\Controllers\Berita::$ModelBerita is deprecated in APPPATH\Controllers\Berita.php on line 11.
 1 SYSTEMPATH\CodeIgniter.php(903): App\Controllers\Berita->__construct()
 2 SYSTEMPATH\CodeIgniter.php(500): CodeIgniter\CodeIgniter->createController()
 3 SYSTEMPATH\CodeIgniter.php(355): CodeIgniter\CodeIgniter->handleRequest(null, Object(Config\Cache), false)
 4 SYSTEMPATH\Boot.php(325): CodeIgniter\CodeIgniter->run()
 5 SYSTEMPATH\Boot.php(67): CodeIgniter\Boot::runCodeIgniter(Object(CodeIgniter\CodeIgniter))
 6 FCPATH\index.php(56): CodeIgniter\Boot::bootWeb(Object(Config\Paths))
INFO - 2024-10-01 16:06:25 --> Session: Class initialized using 'CodeIgniter\Session\Handlers\FileHandler' driver.
WARNING - 2024-10-01 16:07:07 --> [DEPRECATED] Creation of dynamic property App\Controllers\Berita::$ModelBerita is deprecated in APPPATH\Controllers\Berita.php on line 11.
 1 SYSTEMPATH\CodeIgniter.php(903): App\Controllers\Berita->__construct()
 2 SYSTEMPATH\CodeIgniter.php(500): CodeIgniter\CodeIgniter->createController()
 3 SYSTEMPATH\CodeIgniter.php(355): CodeIgniter\CodeIgniter->handleRequest(null, Object(Config\Cache), false)
 4 SYSTEMPATH\Boot.php(325): CodeIgniter\CodeIgniter->run()
 5 SYSTEMPATH\Boot.php(67): CodeIgniter\Boot::runCodeIgniter(Object(CodeIgniter\CodeIgniter))
 6 FCPATH\index.php(56): CodeIgniter\Boot::bootWeb(Object(Config\Paths))
INFO - 2024-10-01 16:07:09 --> Session: Class initialized using 'CodeIgniter\Session\Handlers\FileHandler' driver.
WARNING - 2024-10-01 16:12:21 --> [DEPRECATED] Creation of dynamic property App\Controllers\Berita::$ModelBerita is deprecated in APPPATH\Controllers\Berita.php on line 11.
 1 SYSTEMPATH\CodeIgniter.php(903): App\Controllers\Berita->__construct()
 2 SYSTEMPATH\CodeIgniter.php(500): CodeIgniter\CodeIgniter->createController()
 3 SYSTEMPATH\CodeIgniter.php(355): CodeIgniter\CodeIgniter->handleRequest(null, Object(Config\Cache), false)
 4 SYSTEMPATH\Boot.php(325): CodeIgniter\CodeIgniter->run()
 5 SYSTEMPATH\Boot.php(67): CodeIgniter\Boot::runCodeIgniter(Object(CodeIgniter\CodeIgniter))
 6 FCPATH\index.php(56): CodeIgniter\Boot::bootWeb(Object(Config\Paths))
INFO - 2024-10-01 16:12:23 --> Session: Class initialized using 'CodeIgniter\Session\Handlers\FileHandler' driver.
WARNING - 2024-10-01 16:14:18 --> [DEPRECATED] Creation of dynamic property App\Controllers\Berita::$ModelBerita is deprecated in APPPATH\Controllers\Berita.php on line 11.
 1 SYSTEMPATH\CodeIgniter.php(903): App\Controllers\Berita->__construct()
 2 SYSTEMPATH\CodeIgniter.php(500): CodeIgniter\CodeIgniter->createController()
 3 SYSTEMPATH\CodeIgniter.php(355): CodeIgniter\CodeIgniter->handleRequest(null, Object(Config\Cache), false)
 4 SYSTEMPATH\Boot.php(325): CodeIgniter\CodeIgniter->run()
 5 SYSTEMPATH\Boot.php(67): CodeIgniter\Boot::runCodeIgniter(Object(CodeIgniter\CodeIgniter))
 6 FCPATH\index.php(56): CodeIgniter\Boot::bootWeb(Object(Config\Paths))
INFO - 2024-10-01 16:14:20 --> Session: Class initialized using 'CodeIgniter\Session\Handlers\FileHandler' driver.
INFO - 2024-10-01 16:14:33 --> Session: Class initialized using 'CodeIgniter\Session\Handlers\FileHandler' driver.
INFO - 2024-10-01 16:14:37 --> Session: Class initialized using 'CodeIgniter\Session\Handlers\FileHandler' driver.
INFO - 2024-10-01 16:14:39 --> Session: Class initialized using 'CodeIgniter\Session\Handlers\FileHandler' driver.
INFO - 2024-10-01 16:14:40 --> Session: Class initialized using 'CodeIgniter\Session\Handlers\FileHandler' driver.
WARNING - 2024-10-01 16:14:46 --> [DEPRECATED] Creation of dynamic property App\Controllers\Berita::$ModelBerita is deprecated in APPPATH\Controllers\Berita.php on line 11.
 1 SYSTEMPATH\CodeIgniter.php(903): App\Controllers\Berita->__construct()
 2 SYSTEMPATH\CodeIgniter.php(500): CodeIgniter\CodeIgniter->createController()
 3 SYSTEMPATH\CodeIgniter.php(355): CodeIgniter\CodeIgniter->handleRequest(null, Object(Config\Cache), false)
 4 SYSTEMPATH\Boot.php(325): CodeIgniter\CodeIgniter->run()
 5 SYSTEMPATH\Boot.php(67): CodeIgniter\Boot::runCodeIgniter(Object(CodeIgniter\CodeIgniter))
 6 FCPATH\index.php(56): CodeIgniter\Boot::bootWeb(Object(Config\Paths))
INFO - 2024-10-01 16:14:48 --> Session: Class initialized using 'CodeIgniter\Session\Handlers\FileHandler' driver.
WARNING - 2024-10-01 16:15:12 --> [DEPRECATED] Creation of dynamic property App\Controllers\Berita::$ModelBerita is deprecated in APPPATH\Controllers\Berita.php on line 11.
 1 SYSTEMPATH\CodeIgniter.php(903): App\Controllers\Berita->__construct()
 2 SYSTEMPATH\CodeIgniter.php(500): CodeIgniter\CodeIgniter->createController()
 3 SYSTEMPATH\CodeIgniter.php(355): CodeIgniter\CodeIgniter->handleRequest(null, Object(Config\Cache), false)
 4 SYSTEMPATH\Boot.php(325): CodeIgniter\CodeIgniter->run()
 5 SYSTEMPATH\Boot.php(67): CodeIgniter\Boot::runCodeIgniter(Object(CodeIgniter\CodeIgniter))
 6 FCPATH\index.php(56): CodeIgniter\Boot::bootWeb(Object(Config\Paths))
INFO - 2024-10-01 16:15:14 --> Session: Class initialized using 'CodeIgniter\Session\Handlers\FileHandler' driver.
WARNING - 2024-10-01 16:29:34 --> [DEPRECATED] Creation of dynamic property App\Controllers\Berita::$ModelBerita is deprecated in APPPATH\Controllers\Berita.php on line 11.
 1 SYSTEMPATH\CodeIgniter.php(903): App\Controllers\Berita->__construct()
 2 SYSTEMPATH\CodeIgniter.php(500): CodeIgniter\CodeIgniter->createController()
 3 SYSTEMPATH\CodeIgniter.php(355): CodeIgniter\CodeIgniter->handleRequest(null, Object(Config\Cache), false)
 4 SYSTEMPATH\Boot.php(325): CodeIgniter\CodeIgniter->run()
 5 SYSTEMPATH\Boot.php(67): CodeIgniter\Boot::runCodeIgniter(Object(CodeIgniter\CodeIgniter))
 6 FCPATH\index.php(56): CodeIgniter\Boot::bootWeb(Object(Config\Paths))
INFO - 2024-10-01 16:29:36 --> Session: Class initialized using 'CodeIgniter\Session\Handlers\FileHandler' driver.
WARNING - 2024-10-01 16:31:38 --> [DEPRECATED] Creation of dynamic property App\Controllers\Berita::$ModelBerita is deprecated in APPPATH\Controllers\Berita.php on line 11.
 1 SYSTEMPATH\CodeIgniter.php(903): App\Controllers\Berita->__construct()
 2 SYSTEMPATH\CodeIgniter.php(500): CodeIgniter\CodeIgniter->createController()
 3 SYSTEMPATH\CodeIgniter.php(355): CodeIgniter\CodeIgniter->handleRequest(null, Object(Config\Cache), false)
 4 SYSTEMPATH\Boot.php(325): CodeIgniter\CodeIgniter->run()
 5 SYSTEMPATH\Boot.php(67): CodeIgniter\Boot::runCodeIgniter(Object(CodeIgniter\CodeIgniter))
 6 FCPATH\index.php(56): CodeIgniter\Boot::bootWeb(Object(Config\Paths))
INFO - 2024-10-01 16:31:40 --> Session: Class initialized using 'CodeIgniter\Session\Handlers\FileHandler' driver.
WARNING - 2024-10-01 16:33:54 --> [DEPRECATED] Creation of dynamic property App\Controllers\Berita::$ModelBerita is deprecated in APPPATH\Controllers\Berita.php on line 11.
 1 SYSTEMPATH\CodeIgniter.php(903): App\Controllers\Berita->__construct()
 2 SYSTEMPATH\CodeIgniter.php(500): CodeIgniter\CodeIgniter->createController()
 3 SYSTEMPATH\CodeIgniter.php(355): CodeIgniter\CodeIgniter->handleRequest(null, Object(Config\Cache), false)
 4 SYSTEMPATH\Boot.php(325): CodeIgniter\CodeIgniter->run()
 5 SYSTEMPATH\Boot.php(67): CodeIgniter\Boot::runCodeIgniter(Object(CodeIgniter\CodeIgniter))
 6 FCPATH\index.php(56): CodeIgniter\Boot::bootWeb(Object(Config\Paths))
INFO - 2024-10-01 16:33:56 --> Session: Class initialized using 'CodeIgniter\Session\Handlers\FileHandler' driver.
WARNING - 2024-10-01 16:34:45 --> [DEPRECATED] Creation of dynamic property App\Controllers\Berita::$ModelBerita is deprecated in APPPATH\Controllers\Berita.php on line 11.
 1 SYSTEMPATH\CodeIgniter.php(903): App\Controllers\Berita->__construct()
 2 SYSTEMPATH\CodeIgniter.php(500): CodeIgniter\CodeIgniter->createController()
 3 SYSTEMPATH\CodeIgniter.php(355): CodeIgniter\CodeIgniter->handleRequest(null, Object(Config\Cache), false)
 4 SYSTEMPATH\Boot.php(325): CodeIgniter\CodeIgniter->run()
 5 SYSTEMPATH\Boot.php(67): CodeIgniter\Boot::runCodeIgniter(Object(CodeIgniter\CodeIgniter))
 6 FCPATH\index.php(56): CodeIgniter\Boot::bootWeb(Object(Config\Paths))
INFO - 2024-10-01 16:34:47 --> Session: Class initialized using 'CodeIgniter\Session\Handlers\FileHandler' driver.
WARNING - 2024-10-01 16:38:39 --> [DEPRECATED] Creation of dynamic property App\Controllers\Berita::$ModelBerita is deprecated in APPPATH\Controllers\Berita.php on line 11.
 1 SYSTEMPATH\CodeIgniter.php(903): App\Controllers\Berita->__construct()
 2 SYSTEMPATH\CodeIgniter.php(500): CodeIgniter\CodeIgniter->createController()
 3 SYSTEMPATH\CodeIgniter.php(355): CodeIgniter\CodeIgniter->handleRequest(null, Object(Config\Cache), false)
 4 SYSTEMPATH\Boot.php(325): CodeIgniter\CodeIgniter->run()
 5 SYSTEMPATH\Boot.php(67): CodeIgniter\Boot::runCodeIgniter(Object(CodeIgniter\CodeIgniter))
 6 FCPATH\index.php(56): CodeIgniter\Boot::bootWeb(Object(Config\Paths))
INFO - 2024-10-01 16:38:42 --> Session: Class initialized using 'CodeIgniter\Session\Handlers\FileHandler' driver.
WARNING - 2024-10-01 16:47:08 --> [DEPRECATED] Creation of dynamic property App\Controllers\Berita::$ModelBerita is deprecated in APPPATH\Controllers\Berita.php on line 11.
 1 SYSTEMPATH\CodeIgniter.php(903): App\Controllers\Berita->__construct()
 2 SYSTEMPATH\CodeIgniter.php(500): CodeIgniter\CodeIgniter->createController()
 3 SYSTEMPATH\CodeIgniter.php(355): CodeIgniter\CodeIgniter->handleRequest(null, Object(Config\Cache), false)
 4 SYSTEMPATH\Boot.php(325): CodeIgniter\CodeIgniter->run()
 5 SYSTEMPATH\Boot.php(67): CodeIgniter\Boot::runCodeIgniter(Object(CodeIgniter\CodeIgniter))
 6 FCPATH\index.php(56): CodeIgniter\Boot::bootWeb(Object(Config\Paths))
INFO - 2024-10-01 16:47:10 --> Session: Class initialized using 'CodeIgniter\Session\Handlers\FileHandler' driver.
WARNING - 2024-10-01 16:51:05 --> [DEPRECATED] Creation of dynamic property App\Controllers\Berita::$ModelBerita is deprecated in APPPATH\Controllers\Berita.php on line 11.
 1 SYSTEMPATH\CodeIgniter.php(903): App\Controllers\Berita->__construct()
 2 SYSTEMPATH\CodeIgniter.php(500): CodeIgniter\CodeIgniter->createController()
 3 SYSTEMPATH\CodeIgniter.php(355): CodeIgniter\CodeIgniter->handleRequest(null, Object(Config\Cache), false)
 4 SYSTEMPATH\Boot.php(325): CodeIgniter\CodeIgniter->run()
 5 SYSTEMPATH\Boot.php(67): CodeIgniter\Boot::runCodeIgniter(Object(CodeIgniter\CodeIgniter))
 6 FCPATH\index.php(56): CodeIgniter\Boot::bootWeb(Object(Config\Paths))
WARNING - 2024-10-01 16:51:07 --> [DEPRECATED] Creation of dynamic property App\Controllers\Berita::$ModelBerita is deprecated in APPPATH\Controllers\Berita.php on line 11.
 1 SYSTEMPATH\CodeIgniter.php(903): App\Controllers\Berita->__construct()
 2 SYSTEMPATH\CodeIgniter.php(500): CodeIgniter\CodeIgniter->createController()
 3 SYSTEMPATH\CodeIgniter.php(355): CodeIgniter\CodeIgniter->handleRequest(null, Object(Config\Cache), false)
 4 SYSTEMPATH\Boot.php(325): CodeIgniter\CodeIgniter->run()
 5 SYSTEMPATH\Boot.php(67): CodeIgniter\Boot::runCodeIgniter(Object(CodeIgniter\CodeIgniter))
 6 FCPATH\index.php(56): CodeIgniter\Boot::bootWeb(Object(Config\Paths))
INFO - 2024-10-01 16:51:09 --> Session: Class initialized using 'CodeIgniter\Session\Handlers\FileHandler' driver.
INFO - 2024-10-01 16:51:26 --> Session: Class initialized using 'CodeIgniter\Session\Handlers\FileHandler' driver.
INFO - 2024-10-01 16:51:34 --> Session: Class initialized using 'CodeIgniter\Session\Handlers\FileHandler' driver.
INFO - 2024-10-01 16:51:48 --> Session: Class initialized using 'CodeIgniter\Session\Handlers\FileHandler' driver.
INFO - 2024-10-01 16:52:03 --> Session: Class initialized using 'CodeIgniter\Session\Handlers\FileHandler' driver.
INFO - 2024-10-01 16:52:08 --> Session: Class initialized using 'CodeIgniter\Session\Handlers\FileHandler' driver.
INFO - 2024-10-01 16:52:08 --> Session: Class initialized using 'CodeIgniter\Session\Handlers\FileHandler' driver.
INFO - 2024-10-01 16:52:09 --> Session: Class initialized using 'CodeIgniter\Session\Handlers\FileHandler' driver.
INFO - 2024-10-01 16:52:11 --> Session: Class initialized using 'CodeIgniter\Session\Handlers\FileHandler' driver.
INFO - 2024-10-01 16:52:11 --> Session: Class initialized using 'CodeIgniter\Session\Handlers\FileHandler' driver.
INFO - 2024-10-01 16:56:49 --> Session: Class initialized using 'CodeIgniter\Session\Handlers\FileHandler' driver.
INFO - 2024-10-01 16:56:54 --> Session: Class initialized using 'CodeIgniter\Session\Handlers\FileHandler' driver.
INFO - 2024-10-01 16:56:59 --> Session: Class initialized using 'CodeIgniter\Session\Handlers\FileHandler' driver.
INFO - 2024-10-01 16:56:59 --> Session: Class initialized using 'CodeIgniter\Session\Handlers\FileHandler' driver.
INFO - 2024-10-01 17:02:51 --> Session: Class initialized using 'CodeIgniter\Session\Handlers\FileHandler' driver.
INFO - 2024-10-01 17:02:54 --> Session: Class initialized using 'CodeIgniter\Session\Handlers\FileHandler' driver.
INFO - 2024-10-01 17:02:55 --> Session: Class initialized using 'CodeIgniter\Session\Handlers\FileHandler' driver.
