ERROR - 2024-10-18 03:09:56 --> mysqli_sql_exception: Table 'db-web-desa-ci4.tbl_berita' doesn't exist in C:\xampp\htdocs\web-desa-ci4\system\Database\MySQLi\Connection.php:312
Stack trace:
#0 C:\xampp\htdocs\web-desa-ci4\system\Database\MySQLi\Connection.php(312): mysqli->query('SELECT *\nFROM `...', 0)
#1 C:\xampp\htdocs\web-desa-ci4\system\Database\BaseConnection.php(735): CodeIgniter\Database\MySQLi\Connection->execute('SELECT *\nFROM `...')
#2 C:\xampp\htdocs\web-desa-ci4\system\Database\BaseConnection.php(649): CodeIgniter\Database\BaseConnection->simpleQuery('SELECT *\nFROM `...')
#3 C:\xampp\htdocs\web-desa-ci4\system\Database\BaseBuilder.php(1644): CodeIgniter\Database\BaseConnection->query('SELECT *\nFROM `...', Array, false)
#4 C:\xampp\htdocs\web-desa-ci4\app\Models\ModelBerita.php(18): CodeIgniter\Database\BaseBuilder->get()
#5 C:\xampp\htdocs\web-desa-ci4\app\Controllers\Berita.php(19): App\Models\ModelBerita->AllData()
#6 C:\xampp\htdocs\web-desa-ci4\system\CodeIgniter.php(933): App\Controllers\Berita->index()
#7 C:\xampp\htdocs\web-desa-ci4\system\CodeIgniter.php(509): CodeIgniter\CodeIgniter->runController(Object(App\Controllers\Berita))
#8 C:\xampp\htdocs\web-desa-ci4\system\CodeIgniter.php(355): CodeIgniter\CodeIgniter->handleRequest(NULL, Object(Config\Cache), false)
#9 C:\xampp\htdocs\web-desa-ci4\system\Boot.php(325): CodeIgniter\CodeIgniter->run()
#10 C:\xampp\htdocs\web-desa-ci4\system\Boot.php(67): CodeIgniter\Boot::runCodeIgniter(Object(CodeIgniter\CodeIgniter))
#11 C:\xampp\htdocs\web-desa-ci4\public\index.php(56): CodeIgniter\Boot::bootWeb(Object(Config\Paths))
#12 {main}
CRITICAL - 2024-10-18 03:09:56 --> CodeIgniter\Database\Exceptions\DatabaseException: Table 'db-web-desa-ci4.tbl_berita' doesn't exist
[Method: GET, Route: Berita]
in SYSTEMPATH\Database\BaseConnection.php on line 689.
 1 SYSTEMPATH\Database\BaseBuilder.php(1644): CodeIgniter\Database\BaseConnection->query('SELECT *
FROM `tbl_berita`', [], false)
 2 APPPATH\Models\ModelBerita.php(18): CodeIgniter\Database\BaseBuilder->get()
 3 APPPATH\Controllers\Berita.php(19): App\Models\ModelBerita->AllData()
 4 SYSTEMPATH\CodeIgniter.php(933): App\Controllers\Berita->index()
 5 SYSTEMPATH\CodeIgniter.php(509): CodeIgniter\CodeIgniter->runController(Object(App\Controllers\Berita))
 6 SYSTEMPATH\CodeIgniter.php(355): CodeIgniter\CodeIgniter->handleRequest(null, Object(Config\Cache), false)
 7 SYSTEMPATH\Boot.php(325): CodeIgniter\CodeIgniter->run()
 8 SYSTEMPATH\Boot.php(67): CodeIgniter\Boot::runCodeIgniter(Object(CodeIgniter\CodeIgniter))
 9 FCPATH\index.php(56): CodeIgniter\Boot::bootWeb(Object(Config\Paths))
CRITICAL - 2024-10-18 03:09:56 --> [Caused by] CodeIgniter\Database\Exceptions\DatabaseException: Table 'db-web-desa-ci4.tbl_berita' doesn't exist
in SYSTEMPATH\Database\MySQLi\Connection.php on line 317.
 1 SYSTEMPATH\Database\BaseConnection.php(735): CodeIgniter\Database\MySQLi\Connection->execute('SELECT *
FROM `tbl_berita`')
 2 SYSTEMPATH\Database\BaseConnection.php(649): CodeIgniter\Database\BaseConnection->simpleQuery('SELECT *
FROM `tbl_berita`')
 3 SYSTEMPATH\Database\BaseBuilder.php(1644): CodeIgniter\Database\BaseConnection->query('SELECT *
FROM `tbl_berita`', [], false)
 4 APPPATH\Models\ModelBerita.php(18): CodeIgniter\Database\BaseBuilder->get()
 5 APPPATH\Controllers\Berita.php(19): App\Models\ModelBerita->AllData()
 6 SYSTEMPATH\CodeIgniter.php(933): App\Controllers\Berita->index()
 7 SYSTEMPATH\CodeIgniter.php(509): CodeIgniter\CodeIgniter->runController(Object(App\Controllers\Berita))
 8 SYSTEMPATH\CodeIgniter.php(355): CodeIgniter\CodeIgniter->handleRequest(null, Object(Config\Cache), false)
 9 SYSTEMPATH\Boot.php(325): CodeIgniter\CodeIgniter->run()
10 SYSTEMPATH\Boot.php(67): CodeIgniter\Boot::runCodeIgniter(Object(CodeIgniter\CodeIgniter))
11 FCPATH\index.php(56): CodeIgniter\Boot::bootWeb(Object(Config\Paths))
CRITICAL - 2024-10-18 03:09:56 --> [Caused by] mysqli_sql_exception: Table 'db-web-desa-ci4.tbl_berita' doesn't exist
in SYSTEMPATH\Database\MySQLi\Connection.php on line 312.
 1 SYSTEMPATH\Database\MySQLi\Connection.php(312): mysqli->query('SELECT *
FROM `tbl_berita`', 0)
 2 SYSTEMPATH\Database\BaseConnection.php(735): CodeIgniter\Database\MySQLi\Connection->execute('SELECT *
FROM `tbl_berita`')
 3 SYSTEMPATH\Database\BaseConnection.php(649): CodeIgniter\Database\BaseConnection->simpleQuery('SELECT *
FROM `tbl_berita`')
 4 SYSTEMPATH\Database\BaseBuilder.php(1644): CodeIgniter\Database\BaseConnection->query('SELECT *
FROM `tbl_berita`', [], false)
 5 APPPATH\Models\ModelBerita.php(18): CodeIgniter\Database\BaseBuilder->get()
 6 APPPATH\Controllers\Berita.php(19): App\Models\ModelBerita->AllData()
 7 SYSTEMPATH\CodeIgniter.php(933): App\Controllers\Berita->index()
 8 SYSTEMPATH\CodeIgniter.php(509): CodeIgniter\CodeIgniter->runController(Object(App\Controllers\Berita))
 9 SYSTEMPATH\CodeIgniter.php(355): CodeIgniter\CodeIgniter->handleRequest(null, Object(Config\Cache), false)
10 SYSTEMPATH\Boot.php(325): CodeIgniter\CodeIgniter->run()
11 SYSTEMPATH\Boot.php(67): CodeIgniter\Boot::runCodeIgniter(Object(CodeIgniter\CodeIgniter))
12 FCPATH\index.php(56): CodeIgniter\Boot::bootWeb(Object(Config\Paths))
CRITICAL - 2024-10-18 06:05:50 --> ErrorException: Namespace declaration statement has to be the very first statement or after any declare call in the script
[Method: GET, Route: Berita]
in APPPATH\Controllers\Berita.php on line 4.
 1 [internal function]: CodeIgniter\Debug\Exceptions->shutdownHandler()
CRITICAL - 2024-10-18 11:18:53 --> ErrorException: Namespace declaration statement has to be the very first statement or after any declare call in the script
[Method: GET, Route: Berita]
in APPPATH\Controllers\Berita.php on line 4.
 1 [internal function]: CodeIgniter\Debug\Exceptions->shutdownHandler()
