CRITICAL - 2024-09-23 11:27:54 --> Error: Class "Locale" not found
[Method: GET, Route: /]
in SYSTEMPATH\CodeIgniter.php on line 190.
 1 SYSTEMPATH\Boot.php(312): CodeIgniter\CodeIgniter->initialize()
 2 SYSTEMPATH\Boot.php(66): CodeIgniter\Boot::initializeCodeIgniter()
 3 FCPATH\index.php(56): CodeIgniter\Boot::bootWeb(Object(Config\Paths))
CRITICAL - 2024-09-23 11:27:54 --> ErrorException: Uncaught Error: Class "Locale" not found in C:\xampp\htdocs\web-desa-ci4\system\Helpers\number_helper.php:140
Stack trace:
#0 C:\xampp\htdocs\web-desa-ci4\system\Helpers\number_helper.php(58): format_number(6.0, 2, NULL, Array)
#1 C:\xampp\htdocs\web-desa-ci4\system\Debug\BaseExceptionHandler.php(154): number_to_size(6.0, 2)
#2 C:\xampp\htdocs\web-desa-ci4\app\Views\errors\html\error_exception.php(409): CodeIgniter\Debug\BaseExceptionHandler::describeMemory(6291456)
#3 C:\xampp\htdocs\web-desa-ci4\system\Debug\BaseExceptionHandler.php(266): include('C:\\xampp\\htdocs...')
#4 C:\xampp\htdocs\web-desa-ci4\system\Debug\BaseExceptionHandler.php(269): CodeIgniter\Debug\BaseExceptionHandler->CodeIgniter\Debug\{closure}()
#5 C:\xampp\htdocs\web-desa-ci4\system\Debug\ExceptionHandler.php(114): CodeIgniter\Debug\BaseExceptionHandler->render(Object(Error), 500, 'C:\\xampp\\htdocs...')
#6 C:\xampp\htdocs\web-desa-ci4\system\Debug\Exceptions.php(163): CodeIgniter\Debug\ExceptionHandler->handle(Object(Error), Object(CodeIgniter\HTTP\IncomingRequest), Object(CodeIgniter\HTTP\Response), 500, 1)
#7 [internal function]: CodeIgniter\Debug\Exceptions->exceptionHandler(Object(Error))
#8 {main}
  thrown
【Previous Exception】
Error
Class "Locale" not found
#0 C:\xampp\htdocs\web-desa-ci4\system\Boot.php(312): CodeIgniter\CodeIgniter->initialize()
#1 C:\xampp\htdocs\web-desa-ci4\system\Boot.php(66): CodeIgniter\Boot::initializeCodeIgniter()
#2 C:\xampp\htdocs\web-desa-ci4\public\index.php(56): CodeIgniter\Boot::bootWeb(Object(Config\Paths))
#3 {main}
[Method: GET, Route: /]
in SYSTEMPATH\Helpers\number_helper.php on line 140.
 1 [internal function]: CodeIgniter\Debug\Exceptions->shutdownHandler()
CRITICAL - 2024-09-23 14:38:48 --> Error: Undefined constant "form_open"
[Method: GET, Route: Auth]
in APPPATH\Views\v_login.php on line 37.
 1 SYSTEMPATH\View\View.php(234): include()
 2 SYSTEMPATH\View\View.php(237): CodeIgniter\View\View->CodeIgniter\View\{closure}()
 3 SYSTEMPATH\Common.php(1171): CodeIgniter\View\View->render('v_login', [], true)
 4 APPPATH\Controllers\Auth.php(13): view('v_login', [...])
 5 SYSTEMPATH\CodeIgniter.php(933): App\Controllers\Auth->index()
 6 SYSTEMPATH\CodeIgniter.php(509): CodeIgniter\CodeIgniter->runController(Object(App\Controllers\Auth))
 7 SYSTEMPATH\CodeIgniter.php(355): CodeIgniter\CodeIgniter->handleRequest(null, Object(Config\Cache), false)
 8 SYSTEMPATH\Boot.php(325): CodeIgniter\CodeIgniter->run()
 9 SYSTEMPATH\Boot.php(67): CodeIgniter\Boot::runCodeIgniter(Object(CodeIgniter\CodeIgniter))
10 FCPATH\index.php(56): CodeIgniter\Boot::bootWeb(Object(Config\Paths))
CRITICAL - 2024-09-23 14:40:09 --> Error: Undefined constant "form_open"
[Method: GET, Route: Auth]
in APPPATH\Views\v_login.php on line 37.
 1 SYSTEMPATH\View\View.php(234): include()
 2 SYSTEMPATH\View\View.php(237): CodeIgniter\View\View->CodeIgniter\View\{closure}()
 3 SYSTEMPATH\Common.php(1171): CodeIgniter\View\View->render('v_login', [], true)
 4 APPPATH\Controllers\Auth.php(13): view('v_login', [...])
 5 SYSTEMPATH\CodeIgniter.php(933): App\Controllers\Auth->index()
 6 SYSTEMPATH\CodeIgniter.php(509): CodeIgniter\CodeIgniter->runController(Object(App\Controllers\Auth))
 7 SYSTEMPATH\CodeIgniter.php(355): CodeIgniter\CodeIgniter->handleRequest(null, Object(Config\Cache), false)
 8 SYSTEMPATH\Boot.php(325): CodeIgniter\CodeIgniter->run()
 9 SYSTEMPATH\Boot.php(67): CodeIgniter\Boot::runCodeIgniter(Object(CodeIgniter\CodeIgniter))
10 FCPATH\index.php(56): CodeIgniter\Boot::bootWeb(Object(Config\Paths))
CRITICAL - 2024-09-23 14:40:11 --> Error: Undefined constant "form_open"
[Method: GET, Route: Auth]
in APPPATH\Views\v_login.php on line 37.
 1 SYSTEMPATH\View\View.php(234): include()
 2 SYSTEMPATH\View\View.php(237): CodeIgniter\View\View->CodeIgniter\View\{closure}()
 3 SYSTEMPATH\Common.php(1171): CodeIgniter\View\View->render('v_login', [], true)
 4 APPPATH\Controllers\Auth.php(13): view('v_login', [...])
 5 SYSTEMPATH\CodeIgniter.php(933): App\Controllers\Auth->index()
 6 SYSTEMPATH\CodeIgniter.php(509): CodeIgniter\CodeIgniter->runController(Object(App\Controllers\Auth))
 7 SYSTEMPATH\CodeIgniter.php(355): CodeIgniter\CodeIgniter->handleRequest(null, Object(Config\Cache), false)
 8 SYSTEMPATH\Boot.php(325): CodeIgniter\CodeIgniter->run()
 9 SYSTEMPATH\Boot.php(67): CodeIgniter\Boot::runCodeIgniter(Object(CodeIgniter\CodeIgniter))
10 FCPATH\index.php(56): CodeIgniter\Boot::bootWeb(Object(Config\Paths))
CRITICAL - 2024-09-23 14:40:12 --> Error: Undefined constant "form_open"
[Method: GET, Route: Auth]
in APPPATH\Views\v_login.php on line 37.
 1 SYSTEMPATH\View\View.php(234): include()
 2 SYSTEMPATH\View\View.php(237): CodeIgniter\View\View->CodeIgniter\View\{closure}()
 3 SYSTEMPATH\Common.php(1171): CodeIgniter\View\View->render('v_login', [], true)
 4 APPPATH\Controllers\Auth.php(13): view('v_login', [...])
 5 SYSTEMPATH\CodeIgniter.php(933): App\Controllers\Auth->index()
 6 SYSTEMPATH\CodeIgniter.php(509): CodeIgniter\CodeIgniter->runController(Object(App\Controllers\Auth))
 7 SYSTEMPATH\CodeIgniter.php(355): CodeIgniter\CodeIgniter->handleRequest(null, Object(Config\Cache), false)
 8 SYSTEMPATH\Boot.php(325): CodeIgniter\CodeIgniter->run()
 9 SYSTEMPATH\Boot.php(67): CodeIgniter\Boot::runCodeIgniter(Object(CodeIgniter\CodeIgniter))
10 FCPATH\index.php(56): CodeIgniter\Boot::bootWeb(Object(Config\Paths))
