INFO - 2024-10-17 10:41:37 --> Session: Class initialized using 'CodeIgniter\Session\Handlers\FileHandler' driver.
INFO - 2024-10-17 10:41:49 --> Session: Class initialized using 'CodeIgniter\Session\Handlers\FileHandler' driver.
INFO - 2024-10-17 10:41:55 --> Session: Class initialized using 'CodeIgniter\Session\Handlers\FileHandler' driver.
ERROR - 2024-10-17 10:42:05 --> mysqli_sql_exception: Table 'db-web-desa-ci4.tbl_user' doesn't exist in C:\xampp\htdocs\web-desa-ci4\system\Database\MySQLi\Connection.php:312
Stack trace:
#0 C:\xampp\htdocs\web-desa-ci4\system\Database\MySQLi\Connection.php(312): mysqli->query('SELECT *\nFROM `...', 0)
#1 C:\xampp\htdocs\web-desa-ci4\system\Database\BaseConnection.php(735): CodeIgniter\Database\MySQLi\Connection->execute('SELECT *\nFROM `...')
#2 C:\xampp\htdocs\web-desa-ci4\system\Database\BaseConnection.php(649): CodeIgniter\Database\BaseConnection->simpleQuery('SELECT *\nFROM `...')
#3 C:\xampp\htdocs\web-desa-ci4\system\Database\BaseBuilder.php(1644): CodeIgniter\Database\BaseConnection->query('SELECT *\nFROM `...', Array, false)
#4 C:\xampp\htdocs\web-desa-ci4\app\Models\ModelAuth.php(16): CodeIgniter\Database\BaseBuilder->get()
#5 C:\xampp\htdocs\web-desa-ci4\app\Controllers\Auth.php(54): App\Models\ModelAuth->loginUser('admin', '7110eda4d09e062...', '1')
#6 C:\xampp\htdocs\web-desa-ci4\system\CodeIgniter.php(933): App\Controllers\Auth->login()
#7 C:\xampp\htdocs\web-desa-ci4\system\CodeIgniter.php(509): CodeIgniter\CodeIgniter->runController(Object(App\Controllers\Auth))
#8 C:\xampp\htdocs\web-desa-ci4\system\CodeIgniter.php(355): CodeIgniter\CodeIgniter->handleRequest(NULL, Object(Config\Cache), false)
#9 C:\xampp\htdocs\web-desa-ci4\system\Boot.php(325): CodeIgniter\CodeIgniter->run()
#10 C:\xampp\htdocs\web-desa-ci4\system\Boot.php(67): CodeIgniter\Boot::runCodeIgniter(Object(CodeIgniter\CodeIgniter))
#11 C:\xampp\htdocs\web-desa-ci4\public\index.php(56): CodeIgniter\Boot::bootWeb(Object(Config\Paths))
#12 {main}
CRITICAL - 2024-10-17 10:42:05 --> CodeIgniter\Database\Exceptions\DatabaseException: Table 'db-web-desa-ci4.tbl_user' doesn't exist
[Method: POST, Route: Auth/Login]
in SYSTEMPATH\Database\BaseConnection.php on line 689.
 1 SYSTEMPATH\Database\BaseBuilder.php(1644): CodeIgniter\Database\BaseConnection->query('SELECT *
FROM `tbl_user`
WHERE `username` = :username:
AND `password` = :password:
AND `level` = :level:', [...], false)
 2 APPPATH\Models\ModelAuth.php(16): CodeIgniter\Database\BaseBuilder->get()
 3 APPPATH\Controllers\Auth.php(54): App\Models\ModelAuth->loginUser('admin', '7110eda4d09e062aa5e4a390b0a572ac0d2c0220', '1')
 4 SYSTEMPATH\CodeIgniter.php(933): App\Controllers\Auth->login()
 5 SYSTEMPATH\CodeIgniter.php(509): CodeIgniter\CodeIgniter->runController(Object(App\Controllers\Auth))
 6 SYSTEMPATH\CodeIgniter.php(355): CodeIgniter\CodeIgniter->handleRequest(null, Object(Config\Cache), false)
 7 SYSTEMPATH\Boot.php(325): CodeIgniter\CodeIgniter->run()
 8 SYSTEMPATH\Boot.php(67): CodeIgniter\Boot::runCodeIgniter(Object(CodeIgniter\CodeIgniter))
 9 FCPATH\index.php(56): CodeIgniter\Boot::bootWeb(Object(Config\Paths))
CRITICAL - 2024-10-17 10:42:05 --> [Caused by] CodeIgniter\Database\Exceptions\DatabaseException: Table 'db-web-desa-ci4.tbl_user' doesn't exist
in SYSTEMPATH\Database\MySQLi\Connection.php on line 317.
 1 SYSTEMPATH\Database\BaseConnection.php(735): CodeIgniter\Database\MySQLi\Connection->execute('SELECT *
FROM `tbl_user`
WHERE `username` = \'admin\'
AND `password` = \'7110eda4d09e062aa5e4a390b0a572ac0d2c0220\'
AND `level` = \'1\'')
 2 SYSTEMPATH\Database\BaseConnection.php(649): CodeIgniter\Database\BaseConnection->simpleQuery('SELECT *
FROM `tbl_user`
WHERE `username` = \'admin\'
AND `password` = \'7110eda4d09e062aa5e4a390b0a572ac0d2c0220\'
AND `level` = \'1\'')
 3 SYSTEMPATH\Database\BaseBuilder.php(1644): CodeIgniter\Database\BaseConnection->query('SELECT *
FROM `tbl_user`
WHERE `username` = :username:
AND `password` = :password:
AND `level` = :level:', [...], false)
 4 APPPATH\Models\ModelAuth.php(16): CodeIgniter\Database\BaseBuilder->get()
 5 APPPATH\Controllers\Auth.php(54): App\Models\ModelAuth->loginUser('admin', '7110eda4d09e062aa5e4a390b0a572ac0d2c0220', '1')
 6 SYSTEMPATH\CodeIgniter.php(933): App\Controllers\Auth->login()
 7 SYSTEMPATH\CodeIgniter.php(509): CodeIgniter\CodeIgniter->runController(Object(App\Controllers\Auth))
 8 SYSTEMPATH\CodeIgniter.php(355): CodeIgniter\CodeIgniter->handleRequest(null, Object(Config\Cache), false)
 9 SYSTEMPATH\Boot.php(325): CodeIgniter\CodeIgniter->run()
10 SYSTEMPATH\Boot.php(67): CodeIgniter\Boot::runCodeIgniter(Object(CodeIgniter\CodeIgniter))
11 FCPATH\index.php(56): CodeIgniter\Boot::bootWeb(Object(Config\Paths))
CRITICAL - 2024-10-17 10:42:05 --> [Caused by] mysqli_sql_exception: Table 'db-web-desa-ci4.tbl_user' doesn't exist
in SYSTEMPATH\Database\MySQLi\Connection.php on line 312.
 1 SYSTEMPATH\Database\MySQLi\Connection.php(312): mysqli->query('SELECT *
FROM `tbl_user`
WHERE `username` = \'admin\'
AND `password` = \'7110eda4d09e062aa5e4a390b0a572ac0d2c0220\'
AND `level` = \'1\'', 0)
 2 SYSTEMPATH\Database\BaseConnection.php(735): CodeIgniter\Database\MySQLi\Connection->execute('SELECT *
FROM `tbl_user`
WHERE `username` = \'admin\'
AND `password` = \'7110eda4d09e062aa5e4a390b0a572ac0d2c0220\'
AND `level` = \'1\'')
 3 SYSTEMPATH\Database\BaseConnection.php(649): CodeIgniter\Database\BaseConnection->simpleQuery('SELECT *
FROM `tbl_user`
WHERE `username` = \'admin\'
AND `password` = \'7110eda4d09e062aa5e4a390b0a572ac0d2c0220\'
AND `level` = \'1\'')
 4 SYSTEMPATH\Database\BaseBuilder.php(1644): CodeIgniter\Database\BaseConnection->query('SELECT *
FROM `tbl_user`
WHERE `username` = :username:
AND `password` = :password:
AND `level` = :level:', [...], false)
 5 APPPATH\Models\ModelAuth.php(16): CodeIgniter\Database\BaseBuilder->get()
 6 APPPATH\Controllers\Auth.php(54): App\Models\ModelAuth->loginUser('admin', '7110eda4d09e062aa5e4a390b0a572ac0d2c0220', '1')
 7 SYSTEMPATH\CodeIgniter.php(933): App\Controllers\Auth->login()
 8 SYSTEMPATH\CodeIgniter.php(509): CodeIgniter\CodeIgniter->runController(Object(App\Controllers\Auth))
 9 SYSTEMPATH\CodeIgniter.php(355): CodeIgniter\CodeIgniter->handleRequest(null, Object(Config\Cache), false)
10 SYSTEMPATH\Boot.php(325): CodeIgniter\CodeIgniter->run()
11 SYSTEMPATH\Boot.php(67): CodeIgniter\Boot::runCodeIgniter(Object(CodeIgniter\CodeIgniter))
12 FCPATH\index.php(56): CodeIgniter\Boot::bootWeb(Object(Config\Paths))
INFO - 2024-10-17 11:57:57 --> Session: Class initialized using 'CodeIgniter\Session\Handlers\FileHandler' driver.
INFO - 2024-10-17 12:13:22 --> Session: Class initialized using 'CodeIgniter\Session\Handlers\FileHandler' driver.
INFO - 2024-10-17 12:16:04 --> Session: Class initialized using 'CodeIgniter\Session\Handlers\FileHandler' driver.
INFO - 2024-10-17 12:16:04 --> Session: Class initialized using 'CodeIgniter\Session\Handlers\FileHandler' driver.
INFO - 2024-10-17 12:16:17 --> Session: Class initialized using 'CodeIgniter\Session\Handlers\FileHandler' driver.
INFO - 2024-10-17 12:16:17 --> Session: Class initialized using 'CodeIgniter\Session\Handlers\FileHandler' driver.
INFO - 2024-10-17 12:16:43 --> Session: Class initialized using 'CodeIgniter\Session\Handlers\FileHandler' driver.
INFO - 2024-10-17 12:16:43 --> Session: Class initialized using 'CodeIgniter\Session\Handlers\FileHandler' driver.
